This is pdfTeX, Version 3.14159265-2.6-1.40.15 (TeX Live 2015/dev/Debian) (preloaded format=pdflatex 2017.10.9)  25 JUN 2018 11:38
entering extended mode
 restricted \write18 enabled.
 %&-line parsing enabled.
**main.tex
(./main.tex
LaTeX2e <2014/05/01>
Babel <3.9l> and hyphenation patterns for 79 languages loaded.
(./llncs.cls
Document Class: llncs 2018/03/10 v2.20 
 LaTeX document class for Lecture Notes in Computer Science
(/usr/share/texlive/texmf-dist/tex/latex/base/article.cls
Document Class: article 2014/09/29 v1.4h Standard LaTeX document class
(/usr/share/texlive/texmf-dist/tex/latex/base/size10.clo
File: size10.clo 2014/09/29 v1.4h Standard LaTeX file (size option)
)
\c@part=\count79
\c@section=\count80
\c@subsection=\count81
\c@subsubsection=\count82
\c@paragraph=\count83
\c@subparagraph=\count84
\c@figure=\count85
\c@table=\count86
\abovecaptionskip=\skip41
\belowcaptionskip=\skip42
\bibindent=\dimen102
)
(/usr/share/texlive/texmf-dist/tex/latex/tools/multicol.sty
Package: multicol 2014/10/28 v1.8i multicolumn formatting (FMi)
\c@tracingmulticols=\count87
\mult@box=\box26
\multicol@leftmargin=\dimen103
\c@unbalance=\count88
\c@collectmore=\count89
\doublecol@number=\count90
\multicoltolerance=\count91
\multicolpretolerance=\count92
\full@width=\dimen104
\page@free=\dimen105
\premulticols=\dimen106
\postmulticols=\dimen107
\multicolsep=\skip43
\multicolbaselineskip=\skip44
\partial@page=\box27
\last@line=\box28
\maxbalancingoverflow=\dimen108
\mult@rightbox=\box29
\mult@grightbox=\box30
\mult@gfirstbox=\box31
\mult@firstbox=\box32
\@tempa=\box33
\@tempa=\box34
\@tempa=\box35
\@tempa=\box36
\@tempa=\box37
\@tempa=\box38
\@tempa=\box39
\@tempa=\box40
\@tempa=\box41
\@tempa=\box42
\@tempa=\box43
\@tempa=\box44
\@tempa=\box45
\@tempa=\box46
\@tempa=\box47
\@tempa=\box48
\@tempa=\box49
\c@columnbadness=\count93
\c@finalcolumnbadness=\count94
\last@try=\dimen109
\multicolovershoot=\dimen110
\multicolundershoot=\dimen111
\mult@nat@firstbox=\box50
\colbreak@box=\box51
\mc@col@check@num=\count95
)
(/usr/share/texlive/texmf-dist/tex/latex/oberdiek/aliascnt.sty
Package: aliascnt 2009/09/08 v1.3 Alias counters (HO)

(/usr/share/texlive/texmf-dist/tex/latex/carlisle/remreset.sty))
\c@chapter=\count96
LaTeX Font Info:    Redeclaring math symbol \Gamma on input line 362.
LaTeX Font Info:    Redeclaring math symbol \Delta on input line 363.
LaTeX Font Info:    Redeclaring math symbol \Theta on input line 364.
LaTeX Font Info:    Redeclaring math symbol \Lambda on input line 365.
LaTeX Font Info:    Redeclaring math symbol \Xi on input line 366.
LaTeX Font Info:    Redeclaring math symbol \Pi on input line 367.
LaTeX Font Info:    Redeclaring math symbol \Sigma on input line 368.
LaTeX Font Info:    Redeclaring math symbol \Upsilon on input line 369.
LaTeX Font Info:    Redeclaring math symbol \Phi on input line 370.
LaTeX Font Info:    Redeclaring math symbol \Psi on input line 371.
LaTeX Font Info:    Redeclaring math symbol \Omega on input line 372.
\tocchpnum=\dimen112
\tocsecnum=\dimen113
\tocsectotal=\dimen114
\tocsubsecnum=\dimen115
\tocsubsectotal=\dimen116
\tocsubsubsecnum=\dimen117
\tocsubsubsectotal=\dimen118
\tocparanum=\dimen119
\tocparatotal=\dimen120
\tocsubparanum=\dimen121
\@tempcntc=\count97
\fnindent=\dimen122
\c@@inst=\count98
\c@@auth=\count99
\c@auco=\count100
\instindent=\dimen123
\authrun=\box52
\authorrunning=\toks14
\tocauthor=\toks15
\titrun=\box53
\titlerunning=\toks16
\toctitle=\toks17
\c@theorem=\count101
\c@case=\count102
\c@conjecture=\count103
\c@corollary=\count104
\c@definition=\count105
\c@example=\count106
\c@exercise=\count107
\c@lemma=\count108
\c@note=\count109
\c@problem=\count110
\c@property=\count111
\c@proposition=\count112
\c@question=\count113
\c@solution=\count114
\c@remark=\count115
\headlineindent=\dimen124
)
(/usr/share/texlive/texmf-dist/tex/latex/base/fontenc.sty
Package: fontenc 2005/09/27 v1.99g Standard LaTeX package

(/usr/share/texlive/texmf-dist/tex/latex/base/t1enc.def
File: t1enc.def 2005/09/27 v1.99g Standard LaTeX file
LaTeX Font Info:    Redeclaring font encoding T1 on input line 43.
))
(/usr/share/texmf/tex/latex/lm/lmodern.sty
Package: lmodern 2009/10/30 v1.6 Latin Modern Fonts
LaTeX Font Info:    Overwriting symbol font `operators' in version `normal'
(Font)                  OT1/cmr/m/n --> OT1/lmr/m/n on input line 22.
LaTeX Font Info:    Overwriting symbol font `letters' in version `normal'
(Font)                  OML/cmm/m/it --> OML/lmm/m/it on input line 23.
LaTeX Font Info:    Overwriting symbol font `symbols' in version `normal'
(Font)                  OMS/cmsy/m/n --> OMS/lmsy/m/n on input line 24.
LaTeX Font Info:    Overwriting symbol font `largesymbols' in version `normal'
(Font)                  OMX/cmex/m/n --> OMX/lmex/m/n on input line 25.
LaTeX Font Info:    Overwriting symbol font `operators' in version `bold'
(Font)                  OT1/cmr/bx/n --> OT1/lmr/bx/n on input line 26.
LaTeX Font Info:    Overwriting symbol font `letters' in version `bold'
(Font)                  OML/cmm/b/it --> OML/lmm/b/it on input line 27.
LaTeX Font Info:    Overwriting symbol font `symbols' in version `bold'
(Font)                  OMS/cmsy/b/n --> OMS/lmsy/b/n on input line 28.
LaTeX Font Info:    Overwriting symbol font `largesymbols' in version `bold'
(Font)                  OMX/cmex/m/n --> OMX/lmex/m/n on input line 29.
LaTeX Font Info:    Overwriting math alphabet `\mathbf' in version `normal'
(Font)                  OT1/cmr/bx/n --> OT1/lmr/bx/n on input line 31.
LaTeX Font Info:    Overwriting math alphabet `\mathsf' in version `normal'
(Font)                  OT1/cmss/m/n --> OT1/lmss/m/n on input line 32.
LaTeX Font Info:    Overwriting math alphabet `\mathit' in version `normal'
(Font)                  OT1/cmr/m/it --> OT1/lmr/m/it on input line 33.
LaTeX Font Info:    Overwriting math alphabet `\mathtt' in version `normal'
(Font)                  OT1/cmtt/m/n --> OT1/lmtt/m/n on input line 34.
LaTeX Font Info:    Overwriting math alphabet `\mathbf' in version `bold'
(Font)                  OT1/cmr/bx/n --> OT1/lmr/bx/n on input line 35.
LaTeX Font Info:    Overwriting math alphabet `\mathsf' in version `bold'
(Font)                  OT1/cmss/bx/n --> OT1/lmss/bx/n on input line 36.
LaTeX Font Info:    Overwriting math alphabet `\mathit' in version `bold'
(Font)                  OT1/cmr/bx/it --> OT1/lmr/bx/it on input line 37.
LaTeX Font Info:    Overwriting math alphabet `\mathtt' in version `bold'
(Font)                  OT1/cmtt/m/n --> OT1/lmtt/m/n on input line 38.
)
(/usr/share/texlive/texmf-dist/tex/latex/base/inputenc.sty
Package: inputenc 2014/04/30 v1.2b Input encoding file
\inpenc@prehook=\toks18
\inpenc@posthook=\toks19

(/usr/share/texlive/texmf-dist/tex/latex/base/utf8.def
File: utf8.def 2014/09/29 v1.1m UTF-8 support for inputenc
Now handling font encoding OML ...
... no UTF-8 mapping file for font encoding OML
Now handling font encoding T1 ...
... processing UTF-8 mapping file for font encoding T1

(/usr/share/texlive/texmf-dist/tex/latex/base/t1enc.dfu
File: t1enc.dfu 2014/09/29 v1.1m UTF-8 support for inputenc
   defining Unicode char U+00A1 (decimal 161)
   defining Unicode char U+00A3 (decimal 163)
   defining Unicode char U+00AB (decimal 171)
   defining Unicode char U+00BB (decimal 187)
   defining Unicode char U+00BF (decimal 191)
   defining Unicode char U+00C0 (decimal 192)
   defining Unicode char U+00C1 (decimal 193)
   defining Unicode char U+00C2 (decimal 194)
   defining Unicode char U+00C3 (decimal 195)
   defining Unicode char U+00C4 (decimal 196)
   defining Unicode char U+00C5 (decimal 197)
   defining Unicode char U+00C6 (decimal 198)
   defining Unicode char U+00C7 (decimal 199)
   defining Unicode char U+00C8 (decimal 200)
   defining Unicode char U+00C9 (decimal 201)
   defining Unicode char U+00CA (decimal 202)
   defining Unicode char U+00CB (decimal 203)
   defining Unicode char U+00CC (decimal 204)
   defining Unicode char U+00CD (decimal 205)
   defining Unicode char U+00CE (decimal 206)
   defining Unicode char U+00CF (decimal 207)
   defining Unicode char U+00D0 (decimal 208)
   defining Unicode char U+00D1 (decimal 209)
   defining Unicode char U+00D2 (decimal 210)
   defining Unicode char U+00D3 (decimal 211)
   defining Unicode char U+00D4 (decimal 212)
   defining Unicode char U+00D5 (decimal 213)
   defining Unicode char U+00D6 (decimal 214)
   defining Unicode char U+00D8 (decimal 216)
   defining Unicode char U+00D9 (decimal 217)
   defining Unicode char U+00DA (decimal 218)
   defining Unicode char U+00DB (decimal 219)
   defining Unicode char U+00DC (decimal 220)
   defining Unicode char U+00DD (decimal 221)
   defining Unicode char U+00DE (decimal 222)
   defining Unicode char U+00DF (decimal 223)
   defining Unicode char U+00E0 (decimal 224)
   defining Unicode char U+00E1 (decimal 225)
   defining Unicode char U+00E2 (decimal 226)
   defining Unicode char U+00E3 (decimal 227)
   defining Unicode char U+00E4 (decimal 228)
   defining Unicode char U+00E5 (decimal 229)
   defining Unicode char U+00E6 (decimal 230)
   defining Unicode char U+00E7 (decimal 231)
   defining Unicode char U+00E8 (decimal 232)
   defining Unicode char U+00E9 (decimal 233)
   defining Unicode char U+00EA (decimal 234)
   defining Unicode char U+00EB (decimal 235)
   defining Unicode char U+00EC (decimal 236)
   defining Unicode char U+00ED (decimal 237)
   defining Unicode char U+00EE (decimal 238)
   defining Unicode char U+00EF (decimal 239)
   defining Unicode char U+00F0 (decimal 240)
   defining Unicode char U+00F1 (decimal 241)
   defining Unicode char U+00F2 (decimal 242)
   defining Unicode char U+00F3 (decimal 243)
   defining Unicode char U+00F4 (decimal 244)
   defining Unicode char U+00F5 (decimal 245)
   defining Unicode char U+00F6 (decimal 246)
   defining Unicode char U+00F8 (decimal 248)
   defining Unicode char U+00F9 (decimal 249)
   defining Unicode char U+00FA (decimal 250)
   defining Unicode char U+00FB (decimal 251)
   defining Unicode char U+00FC (decimal 252)
   defining Unicode char U+00FD (decimal 253)
   defining Unicode char U+00FE (decimal 254)
   defining Unicode char U+00FF (decimal 255)
   defining Unicode char U+0102 (decimal 258)
   defining Unicode char U+0103 (decimal 259)
   defining Unicode char U+0104 (decimal 260)
   defining Unicode char U+0105 (decimal 261)
   defining Unicode char U+0106 (decimal 262)
   defining Unicode char U+0107 (decimal 263)
   defining Unicode char U+010C (decimal 268)
   defining Unicode char U+010D (decimal 269)
   defining Unicode char U+010E (decimal 270)
   defining Unicode char U+010F (decimal 271)
   defining Unicode char U+0110 (decimal 272)
   defining Unicode char U+0111 (decimal 273)
   defining Unicode char U+0118 (decimal 280)
   defining Unicode char U+0119 (decimal 281)
   defining Unicode char U+011A (decimal 282)
   defining Unicode char U+011B (decimal 283)
   defining Unicode char U+011E (decimal 286)
   defining Unicode char U+011F (decimal 287)
   defining Unicode char U+0130 (decimal 304)
   defining Unicode char U+0131 (decimal 305)
   defining Unicode char U+0132 (decimal 306)
   defining Unicode char U+0133 (decimal 307)
   defining Unicode char U+0139 (decimal 313)
   defining Unicode char U+013A (decimal 314)
   defining Unicode char U+013D (decimal 317)
   defining Unicode char U+013E (decimal 318)
   defining Unicode char U+0141 (decimal 321)
   defining Unicode char U+0142 (decimal 322)
   defining Unicode char U+0143 (decimal 323)
   defining Unicode char U+0144 (decimal 324)
   defining Unicode char U+0147 (decimal 327)
   defining Unicode char U+0148 (decimal 328)
   defining Unicode char U+014A (decimal 330)
   defining Unicode char U+014B (decimal 331)
   defining Unicode char U+0150 (decimal 336)
   defining Unicode char U+0151 (decimal 337)
   defining Unicode char U+0152 (decimal 338)
   defining Unicode char U+0153 (decimal 339)
   defining Unicode char U+0154 (decimal 340)
   defining Unicode char U+0155 (decimal 341)
   defining Unicode char U+0158 (decimal 344)
   defining Unicode char U+0159 (decimal 345)
   defining Unicode char U+015A (decimal 346)
   defining Unicode char U+015B (decimal 347)
   defining Unicode char U+015E (decimal 350)
   defining Unicode char U+015F (decimal 351)
   defining Unicode char U+0160 (decimal 352)
   defining Unicode char U+0161 (decimal 353)
   defining Unicode char U+0162 (decimal 354)
   defining Unicode char U+0163 (decimal 355)
   defining Unicode char U+0164 (decimal 356)
   defining Unicode char U+0165 (decimal 357)
   defining Unicode char U+016E (decimal 366)
   defining Unicode char U+016F (decimal 367)
   defining Unicode char U+0170 (decimal 368)
   defining Unicode char U+0171 (decimal 369)
   defining Unicode char U+0178 (decimal 376)
   defining Unicode char U+0179 (decimal 377)
   defining Unicode char U+017A (decimal 378)
   defining Unicode char U+017B (decimal 379)
   defining Unicode char U+017C (decimal 380)
   defining Unicode char U+017D (decimal 381)
   defining Unicode char U+017E (decimal 382)
   defining Unicode char U+200C (decimal 8204)
   defining Unicode char U+2013 (decimal 8211)
   defining Unicode char U+2014 (decimal 8212)
   defining Unicode char U+2018 (decimal 8216)
   defining Unicode char U+2019 (decimal 8217)
   defining Unicode char U+201A (decimal 8218)
   defining Unicode char U+201C (decimal 8220)
   defining Unicode char U+201D (decimal 8221)
   defining Unicode char U+201E (decimal 8222)
   defining Unicode char U+2030 (decimal 8240)
   defining Unicode char U+2031 (decimal 8241)
   defining Unicode char U+2039 (decimal 8249)
   defining Unicode char U+203A (decimal 8250)
   defining Unicode char U+2423 (decimal 9251)
)
Now handling font encoding OT1 ...
... processing UTF-8 mapping file for font encoding OT1

(/usr/share/texlive/texmf-dist/tex/latex/base/ot1enc.dfu
File: ot1enc.dfu 2014/09/29 v1.1m UTF-8 support for inputenc
   defining Unicode char U+00A1 (decimal 161)
   defining Unicode char U+00A3 (decimal 163)
   defining Unicode char U+00B8 (decimal 184)
   defining Unicode char U+00BF (decimal 191)
   defining Unicode char U+00C5 (decimal 197)
   defining Unicode char U+00C6 (decimal 198)
   defining Unicode char U+00D8 (decimal 216)
   defining Unicode char U+00DF (decimal 223)
   defining Unicode char U+00E6 (decimal 230)
   defining Unicode char U+00EC (decimal 236)
   defining Unicode char U+00ED (decimal 237)
   defining Unicode char U+00EE (decimal 238)
   defining Unicode char U+00EF (decimal 239)
   defining Unicode char U+00F8 (decimal 248)
   defining Unicode char U+0131 (decimal 305)
   defining Unicode char U+0141 (decimal 321)
   defining Unicode char U+0142 (decimal 322)
   defining Unicode char U+0152 (decimal 338)
   defining Unicode char U+0153 (decimal 339)
   defining Unicode char U+2013 (decimal 8211)
   defining Unicode char U+2014 (decimal 8212)
   defining Unicode char U+2018 (decimal 8216)
   defining Unicode char U+2019 (decimal 8217)
   defining Unicode char U+201C (decimal 8220)
   defining Unicode char U+201D (decimal 8221)
)
Now handling font encoding OMS ...
... processing UTF-8 mapping file for font encoding OMS

(/usr/share/texlive/texmf-dist/tex/latex/base/omsenc.dfu
File: omsenc.dfu 2014/09/29 v1.1m UTF-8 support for inputenc
   defining Unicode char U+00A7 (decimal 167)
   defining Unicode char U+00B6 (decimal 182)
   defining Unicode char U+00B7 (decimal 183)
   defining Unicode char U+2020 (decimal 8224)
   defining Unicode char U+2021 (decimal 8225)
   defining Unicode char U+2022 (decimal 8226)
)
Now handling font encoding OMX ...
... no UTF-8 mapping file for font encoding OMX
Now handling font encoding U ...
... no UTF-8 mapping file for font encoding U
   defining Unicode char U+00A9 (decimal 169)
   defining Unicode char U+00AA (decimal 170)
   defining Unicode char U+00AE (decimal 174)
   defining Unicode char U+00BA (decimal 186)
   defining Unicode char U+02C6 (decimal 710)
   defining Unicode char U+02DC (decimal 732)
   defining Unicode char U+200C (decimal 8204)
   defining Unicode char U+2026 (decimal 8230)
   defining Unicode char U+2122 (decimal 8482)
   defining Unicode char U+2423 (decimal 9251)
))
(/usr/share/texlive/texmf-dist/tex/latex/amsfonts/amsfonts.sty
Package: amsfonts 2013/01/14 v3.01 Basic AMSFonts support
\@emptytoks=\toks20
\symAMSa=\mathgroup4
\symAMSb=\mathgroup5
LaTeX Font Info:    Overwriting math alphabet `\mathfrak' in version `bold'
(Font)                  U/euf/m/n --> U/euf/b/n on input line 106.
)
(/usr/share/texlive/texmf-dist/tex/latex/amsmath/amsmath.sty
Package: amsmath 2013/01/14 v2.14 AMS math features
\@mathmargin=\skip45

For additional information on amsmath, use the `?' option.
(/usr/share/texlive/texmf-dist/tex/latex/amsmath/amstext.sty
Package: amstext 2000/06/29 v2.01

(/usr/share/texlive/texmf-dist/tex/latex/amsmath/amsgen.sty
File: amsgen.sty 1999/11/30 v2.0
\@emptytoks=\toks21
\ex@=\dimen125
))
(/usr/share/texlive/texmf-dist/tex/latex/amsmath/amsbsy.sty
Package: amsbsy 1999/11/29 v1.2d
\pmbraise@=\dimen126
)
(/usr/share/texlive/texmf-dist/tex/latex/amsmath/amsopn.sty
Package: amsopn 1999/12/14 v2.01 operator names
)
\inf@bad=\count116
LaTeX Info: Redefining \frac on input line 210.
\uproot@=\count117
\leftroot@=\count118
LaTeX Info: Redefining \overline on input line 306.
\classnum@=\count119
\DOTSCASE@=\count120
LaTeX Info: Redefining \ldots on input line 378.
LaTeX Info: Redefining \dots on input line 381.
LaTeX Info: Redefining \cdots on input line 466.
\Mathstrutbox@=\box54
\strutbox@=\box55
\big@size=\dimen127
LaTeX Font Info:    Redeclaring font encoding OML on input line 566.
LaTeX Font Info:    Redeclaring font encoding OMS on input line 567.


Package amsmath Warning: Unable to redefine math accent \vec.

\macc@depth=\count121
\c@MaxMatrixCols=\count122
\dotsspace@=\muskip10
\c@parentequation=\count123
\dspbrk@lvl=\count124
\tag@help=\toks22
\row@=\count125
\column@=\count126
\maxfields@=\count127
\andhelp@=\toks23
\eqnshift@=\dimen128
\alignsep@=\dimen129
\tagshift@=\dimen130
\tagwidth@=\dimen131
\totwidth@=\dimen132
\lineht@=\dimen133
\@envbody=\toks24
\multlinegap=\skip46
\multlinetaggap=\skip47
\mathdisplay@stack=\toks25
LaTeX Info: Redefining \[ on input line 2665.
LaTeX Info: Redefining \] on input line 2666.
) (/usr/share/texlive/texmf-dist/tex/latex/amsfonts/amssymb.sty
Package: amssymb 2013/01/14 v3.01 AMS font symbols
)
(/usr/share/texlive/texmf-dist/tex/latex/booktabs/booktabs.sty
Package: booktabs 2005/04/14 v1.61803 publication quality tables
\heavyrulewidth=\dimen134
\lightrulewidth=\dimen135
\cmidrulewidth=\dimen136
\belowrulesep=\dimen137
\belowbottomsep=\dimen138
\aboverulesep=\dimen139
\abovetopsep=\dimen140
\cmidrulesep=\dimen141
\cmidrulekern=\dimen142
\defaultaddspace=\dimen143
\@cmidla=\count128
\@cmidlb=\count129
\@aboverulesep=\dimen144
\@belowrulesep=\dimen145
\@thisruleclass=\count130
\@lastruleclass=\count131
\@thisrulewidth=\dimen146
)
(/usr/share/texlive/texmf-dist/tex/latex/base/makeidx.sty
Package: makeidx 2014/09/29 v1.0m Standard LaTeX package
)
(/usr/share/texlive/texmf-dist/tex/latex/graphics/epsfig.sty
Package: epsfig 1999/02/16 v1.7a (e)psfig emulation (SPQR)

(/usr/share/texlive/texmf-dist/tex/latex/graphics/graphicx.sty
Package: graphicx 2014/04/25 v1.0g Enhanced LaTeX Graphics (DPC,SPQR)

(/usr/share/texlive/texmf-dist/tex/latex/graphics/keyval.sty
Package: keyval 2014/05/08 v1.15 key=value parser (DPC)
\KV@toks@=\toks26
)
(/usr/share/texlive/texmf-dist/tex/latex/graphics/graphics.sty
Package: graphics 2009/02/05 v1.0o Standard LaTeX Graphics (DPC,SPQR)

(/usr/share/texlive/texmf-dist/tex/latex/graphics/trig.sty
Package: trig 1999/03/16 v1.09 sin cos tan (DPC)
)
(/usr/share/texlive/texmf-dist/tex/latex/latexconfig/graphics.cfg
File: graphics.cfg 2010/04/23 v1.9 graphics configuration of TeX Live
)
Package graphics Info: Driver file: pdftex.def on input line 91.

(/usr/share/texlive/texmf-dist/tex/latex/pdftex-def/pdftex.def
File: pdftex.def 2011/05/27 v0.06d Graphics/color for pdfTeX

(/usr/share/texlive/texmf-dist/tex/generic/oberdiek/infwarerr.sty
Package: infwarerr 2010/04/08 v1.3 Providing info/warning/error messages (HO)
)
(/usr/share/texlive/texmf-dist/tex/generic/oberdiek/ltxcmds.sty
Package: ltxcmds 2011/11/09 v1.22 LaTeX kernel commands for general use (HO)
)
\Gread@gobject=\count132
))
\Gin@req@height=\dimen147
\Gin@req@width=\dimen148
)
\epsfxsize=\dimen149
\epsfysize=\dimen150
)
(/usr/share/texlive/texmf-dist/tex/latex/algorithm2e/algorithm2e.sty
Package: algorithm2e 2013/01/06 v5.00 algorithms environments
\c@AlgoLine=\count133

(/usr/share/texlive/texmf-dist/tex/latex/base/ifthen.sty
Package: ifthen 2014/09/29 v1.1c Standard LaTeX ifthen package (DPC)
)
(/usr/share/texlive/texmf-dist/tex/latex/tools/xspace.sty
Package: xspace 2014/10/28 v1.13 Space after command names (DPC,MH)
)
(/usr/share/texlive/texmf-dist/tex/latex/relsize/relsize.sty
Package: relsize 2013/03/29 ver 4.1
)
********************************************************
Package `algorithm2e' Release 5.0 -- january 06 2013 --
- algorithm2e-announce@lirmm.fr mailing list for announcement about releases
- algorithm2e-discussion@lirmm.fr mailing list for discussion about package
subscribe by emailing sympa@lirmm.fr with 'subscribe <list> <firstname name>'
- Author: Christophe Fiorio (cfiorio@um2.fr)
********************************************************
\skiptotal=\skip48
\skiplinenumber=\skip49
\skiprule=\skip50
\skiphlne=\skip51
\skiptext=\skip52
\skiplength=\skip53
\algomargin=\skip54
\skipalgocfslide=\skip55
\algowidth=\dimen151
\inoutsize=\dimen152
\inoutindent=\dimen153
\interspacetitleruled=\dimen154
\interspacealgoruled=\dimen155
\interspacetitleboxruled=\dimen156
\algocf@inoutbox=\box56
\algocf@inputbox=\box57
\AlCapSkip=\skip56
\AlCapHSkip=\skip57
\algoskipindent=\skip58
\algocf@nlbox=\box58
\algocf@hangingbox=\box59
\algocf@untilbox=\box60
\algocf@skipuntil=\skip59
\algocf@capbox=\box61
\algoheightruledefault=\skip60
\algoheightrule=\skip61
\algotitleheightruledefault=\skip62
\algotitleheightrule=\skip63
\c@algocfline=\count134
\c@algocfproc=\count135
\c@algocf=\count136
\algocf@algoframe=\box62
\algocf@algobox=\box63
) (/usr/share/texlive/texmf-dist/tex/latex/graphics/color.sty
Package: color 2014/04/23 v1.1a Standard LaTeX Color (DPC)

(/usr/share/texlive/texmf-dist/tex/latex/latexconfig/color.cfg
File: color.cfg 2007/01/18 v1.5 color configuration of teTeX/TeXLive
)
Package color Info: Driver file: pdftex.def on input line 137.
)
(/usr/share/texlive/texmf-dist/tex/latex/multirow/multirow.sty
\bigstrutjot=\dimen157
)
(/usr/share/texlive/texmf-dist/tex/latex/subfig/subfig.sty
Package: subfig 2005/06/28 ver: 1.3 subfig package

(/usr/share/texlive/texmf-dist/tex/latex/caption/caption.sty
Package: caption 2013/05/02 v3.3-89 Customizing captions (AR)

(/usr/share/texlive/texmf-dist/tex/latex/caption/caption3.sty
Package: caption3 2013/05/02 v1.6-88 caption3 kernel (AR)
Package caption3 Info: TeX engine: e-TeX on input line 57.
\captionmargin=\dimen158
\captionmargin@=\dimen159
\captionwidth=\dimen160
\caption@tempdima=\dimen161
\caption@indent=\dimen162
\caption@parindent=\dimen163
\caption@hangindent=\dimen164
Package caption Info: Unknown document class (or package),
(caption)             standard defaults will be used.
)

Package caption Warning: Unsupported document class (or package) detected,
(caption)                usage of the caption package is not recommended.
See the caption package documentation for explanation.

Package caption Info: \@makecaption = \long macro:#1#2->\small \vskip \abovecap
tionskip \sbox \@tempboxa {{\bfseries #1.} #2}\ifdim \wd \@tempboxa >\hsize {\b
fseries #1.} #2\par \else \global \@minipagefalse \hb@xt@ \hsize {\hfil \box \@
tempboxa \hfil }\fi \vskip \belowcaptionskip .
\c@ContinuedFloat=\count137
)
\c@KVtest=\count138
\sf@farskip=\skip64
\sf@captopadj=\dimen165
\sf@capskip=\skip65
\sf@nearskip=\skip66
\c@subfigure=\count139
\c@subfigure@save=\count140
\c@lofdepth=\count141
\c@subtable=\count142
\c@subtable@save=\count143
\c@lotdepth=\count144
\sf@top=\skip67
\sf@bottom=\skip68
) (/usr/share/texlive/texmf-dist/tex/latex/hyperref/hyperref.sty
Package: hyperref 2012/11/06 v6.83m Hypertext links for LaTeX

(/usr/share/texlive/texmf-dist/tex/generic/oberdiek/hobsub-hyperref.sty
Package: hobsub-hyperref 2012/05/28 v1.13 Bundle oberdiek, subset hyperref (HO)


(/usr/share/texlive/texmf-dist/tex/generic/oberdiek/hobsub-generic.sty
Package: hobsub-generic 2012/05/28 v1.13 Bundle oberdiek, subset generic (HO)
Package: hobsub 2012/05/28 v1.13 Construct package bundles (HO)
Package hobsub Info: Skipping package `infwarerr' (already loaded).
Package hobsub Info: Skipping package `ltxcmds' (already loaded).
Package: ifluatex 2010/03/01 v1.3 Provides the ifluatex switch (HO)
Package ifluatex Info: LuaTeX not detected.
Package: ifvtex 2010/03/01 v1.5 Detect VTeX and its facilities (HO)
Package ifvtex Info: VTeX not detected.
Package: intcalc 2007/09/27 v1.1 Expandable calculations with integers (HO)
Package: ifpdf 2011/01/30 v2.3 Provides the ifpdf switch (HO)
Package ifpdf Info: pdfTeX in PDF mode is detected.
Package: etexcmds 2011/02/16 v1.5 Avoid name clashes with e-TeX commands (HO)
Package etexcmds Info: Could not find \expanded.
(etexcmds)             That can mean that you are not using pdfTeX 1.50 or
(etexcmds)             that some package has redefined \expanded.
(etexcmds)             In the latter case, load this package earlier.
Package: kvsetkeys 2012/04/25 v1.16 Key value parser (HO)
Package: kvdefinekeys 2011/04/07 v1.3 Define keys (HO)
Package: pdftexcmds 2011/11/29 v0.20 Utility functions of pdfTeX for LuaTeX (HO
)
Package pdftexcmds Info: LuaTeX not detected.
Package pdftexcmds Info: \pdf@primitive is available.
Package pdftexcmds Info: \pdf@ifprimitive is available.
Package pdftexcmds Info: \pdfdraftmode found.
Package: pdfescape 2011/11/25 v1.13 Implements pdfTeX's escape features (HO)
Package: bigintcalc 2012/04/08 v1.3 Expandable calculations on big integers (HO
)
Package: bitset 2011/01/30 v1.1 Handle bit-vector datatype (HO)
Package: uniquecounter 2011/01/30 v1.2 Provide unlimited unique counter (HO)
)
Package hobsub Info: Skipping package `hobsub' (already loaded).
Package: letltxmacro 2010/09/02 v1.4 Let assignment for LaTeX macros (HO)
Package: hopatch 2012/05/28 v1.2 Wrapper for package hooks (HO)
Package: xcolor-patch 2011/01/30 xcolor patch
Package: atveryend 2011/06/30 v1.8 Hooks at the very end of document (HO)
Package atveryend Info: \enddocument detected (standard20110627).
Package: atbegshi 2011/10/05 v1.16 At begin shipout hook (HO)
Package: refcount 2011/10/16 v3.4 Data extraction from label references (HO)
Package: hycolor 2011/01/30 v1.7 Color options for hyperref/bookmark (HO)
)
(/usr/share/texlive/texmf-dist/tex/generic/ifxetex/ifxetex.sty
Package: ifxetex 2010/09/12 v0.6 Provides ifxetex conditional
)
(/usr/share/texlive/texmf-dist/tex/latex/oberdiek/auxhook.sty
Package: auxhook 2011/03/04 v1.3 Hooks for auxiliary files (HO)
)
(/usr/share/texlive/texmf-dist/tex/latex/oberdiek/kvoptions.sty
Package: kvoptions 2011/06/30 v3.11 Key value format for package options (HO)
)
\@linkdim=\dimen166
\Hy@linkcounter=\count145
\Hy@pagecounter=\count146

(/usr/share/texlive/texmf-dist/tex/latex/hyperref/pd1enc.def
File: pd1enc.def 2012/11/06 v6.83m Hyperref: PDFDocEncoding definition (HO)
Now handling font encoding PD1 ...
... no UTF-8 mapping file for font encoding PD1
)
\Hy@SavedSpaceFactor=\count147

(/usr/share/texlive/texmf-dist/tex/latex/latexconfig/hyperref.cfg
File: hyperref.cfg 2002/06/06 v1.2 hyperref configuration of TeXLive
)
Package hyperref Info: Hyper figures OFF on input line 4443.
Package hyperref Info: Link nesting OFF on input line 4448.
Package hyperref Info: Hyper index ON on input line 4451.
Package hyperref Info: Plain pages OFF on input line 4458.
Package hyperref Info: Backreferencing OFF on input line 4463.
Package hyperref Info: Implicit mode ON; LaTeX internals redefined.
Package hyperref Info: Bookmarks ON on input line 4688.
\c@Hy@tempcnt=\count148

(/usr/share/texlive/texmf-dist/tex/latex/url/url.sty
\Urlmuskip=\muskip11
Package: url 2013/09/16  ver 3.4  Verb mode for urls, etc.
)
LaTeX Info: Redefining \url on input line 5041.
\XeTeXLinkMargin=\dimen167
\Fld@menulength=\count149
\Field@Width=\dimen168
\Fld@charsize=\dimen169
Package hyperref Info: Hyper figures OFF on input line 6295.
Package hyperref Info: Link nesting OFF on input line 6300.
Package hyperref Info: Hyper index ON on input line 6303.
Package hyperref Info: backreferencing OFF on input line 6310.
Package hyperref Info: Link coloring OFF on input line 6315.
Package hyperref Info: Link coloring with OCG OFF on input line 6320.
Package hyperref Info: PDF/A mode OFF on input line 6325.
LaTeX Info: Redefining \ref on input line 6365.
LaTeX Info: Redefining \pageref on input line 6369.
\Hy@abspage=\count150
\c@Item=\count151
\c@Hfootnote=\count152
)

Package hyperref Message: Driver (autodetected): hpdftex.

(/usr/share/texlive/texmf-dist/tex/latex/hyperref/hpdftex.def
File: hpdftex.def 2012/11/06 v6.83m Hyperref driver for pdfTeX
\Fld@listcount=\count153
\c@bookmark@seq@number=\count154

(/usr/share/texlive/texmf-dist/tex/latex/oberdiek/rerunfilecheck.sty
Package: rerunfilecheck 2011/04/15 v1.7 Rerun checks for auxiliary files (HO)
Package uniquecounter Info: New unique counter `rerunfilecheck' on input line 2
82.
)
\Hy@SectionHShift=\skip69
)
(/usr/share/texlive/texmf-dist/tex/latex/footmisc/footmisc.sty
Package: footmisc 2011/06/06 v5.5b a miscellany of footnote facilities
\FN@temptoken=\toks27
\footnotemargin=\dimen170
\FN@tempboxb=\box64
\FN@tempboxc=\box65
\footglue=\skip70
\footnotebaselineskip=\dimen171
\c@pp@next@reset=\count155
Package footmisc Info: Declaring symbol style bringhurst on input line 855.
Package footmisc Info: Declaring symbol style chicago on input line 863.
Package footmisc Info: Declaring symbol style wiley on input line 872.
Package footmisc Info: Declaring symbol style lamport-robust on input line 883.

Package footmisc Info: Declaring symbol style lamport* on input line 903.
Package footmisc Info: Declaring symbol style lamport*-robust on input line 924
.
)
Package hyperref Info: Option `colorlinks' set `true' on input line 28.

(/usr/share/texlive/texmf-dist/tex/latex/pgf/frontendlayer/tikz.sty
(/usr/share/texlive/texmf-dist/tex/latex/pgf/basiclayer/pgf.sty
(/usr/share/texlive/texmf-dist/tex/latex/pgf/utilities/pgfrcs.sty
(/usr/share/texlive/texmf-dist/tex/generic/pgf/utilities/pgfutil-common.tex
\pgfutil@everybye=\toks28
\pgfutil@tempdima=\dimen172
\pgfutil@tempdimb=\dimen173

(/usr/share/texlive/texmf-dist/tex/generic/pgf/utilities/pgfutil-common-lists.t
ex)) (/usr/share/texlive/texmf-dist/tex/generic/pgf/utilities/pgfutil-latex.def
\pgfutil@abb=\box66
(/usr/share/texlive/texmf-dist/tex/latex/ms/everyshi.sty
Package: everyshi 2001/05/15 v3.00 EveryShipout Package (MS)
))
(/usr/share/texlive/texmf-dist/tex/generic/pgf/utilities/pgfrcs.code.tex
Package: pgfrcs 2013/12/20 v3.0.0 (rcs-revision 1.28)
))
Package: pgf 2013/12/18 v3.0.0 (rcs-revision 1.14)

(/usr/share/texlive/texmf-dist/tex/latex/pgf/basiclayer/pgfcore.sty
(/usr/share/texlive/texmf-dist/tex/latex/pgf/systemlayer/pgfsys.sty
(/usr/share/texlive/texmf-dist/tex/generic/pgf/systemlayer/pgfsys.code.tex
Package: pgfsys 2013/11/30 v3.0.0 (rcs-revision 1.47)

(/usr/share/texlive/texmf-dist/tex/generic/pgf/utilities/pgfkeys.code.tex
\pgfkeys@pathtoks=\toks29
\pgfkeys@temptoks=\toks30

(/usr/share/texlive/texmf-dist/tex/generic/pgf/utilities/pgfkeysfiltered.code.t
ex
\pgfkeys@tmptoks=\toks31
))
\pgf@x=\dimen174
\pgf@y=\dimen175
\pgf@xa=\dimen176
\pgf@ya=\dimen177
\pgf@xb=\dimen178
\pgf@yb=\dimen179
\pgf@xc=\dimen180
\pgf@yc=\dimen181
\w@pgf@writea=\write3
\r@pgf@reada=\read1
\c@pgf@counta=\count156
\c@pgf@countb=\count157
\c@pgf@countc=\count158
\c@pgf@countd=\count159
\t@pgf@toka=\toks32
\t@pgf@tokb=\toks33
\t@pgf@tokc=\toks34
 (/usr/share/texlive/texmf-dist/tex/generic/pgf/systemlayer/pgf.cfg
File: pgf.cfg 2008/05/14  (rcs-revision 1.7)
)
Driver file for pgf: pgfsys-pdftex.def

(/usr/share/texlive/texmf-dist/tex/generic/pgf/systemlayer/pgfsys-pdftex.def
File: pgfsys-pdftex.def 2013/07/18  (rcs-revision 1.33)

(/usr/share/texlive/texmf-dist/tex/generic/pgf/systemlayer/pgfsys-common-pdf.de
f
File: pgfsys-common-pdf.def 2013/10/10  (rcs-revision 1.13)
)))
(/usr/share/texlive/texmf-dist/tex/generic/pgf/systemlayer/pgfsyssoftpath.code.
tex
File: pgfsyssoftpath.code.tex 2013/09/09  (rcs-revision 1.9)
\pgfsyssoftpath@smallbuffer@items=\count160
\pgfsyssoftpath@bigbuffer@items=\count161
)
(/usr/share/texlive/texmf-dist/tex/generic/pgf/systemlayer/pgfsysprotocol.code.
tex
File: pgfsysprotocol.code.tex 2006/10/16  (rcs-revision 1.4)
)) (/usr/share/texlive/texmf-dist/tex/latex/xcolor/xcolor.sty
Package: xcolor 2007/01/21 v2.11 LaTeX color extensions (UK)

(/usr/share/texlive/texmf-dist/tex/latex/latexconfig/color.cfg
File: color.cfg 2007/01/18 v1.5 color configuration of teTeX/TeXLive
)
Package xcolor Info: Driver file: pdftex.def on input line 225.
LaTeX Info: Redefining \color on input line 702.
Package xcolor Info: Model `cmy' substituted by `cmy0' on input line 1337.
Package xcolor Info: Model `hsb' substituted by `rgb' on input line 1341.
Package xcolor Info: Model `RGB' extended on input line 1353.
Package xcolor Info: Model `HTML' substituted by `rgb' on input line 1355.
Package xcolor Info: Model `Hsb' substituted by `hsb' on input line 1356.
Package xcolor Info: Model `tHsb' substituted by `hsb' on input line 1357.
Package xcolor Info: Model `HSB' substituted by `hsb' on input line 1358.
Package xcolor Info: Model `Gray' substituted by `gray' on input line 1359.
Package xcolor Info: Model `wave' substituted by `hsb' on input line 1360.
)
(/usr/share/texlive/texmf-dist/tex/generic/pgf/basiclayer/pgfcore.code.tex
Package: pgfcore 2010/04/11 v3.0.0 (rcs-revision 1.7)

(/usr/share/texlive/texmf-dist/tex/generic/pgf/math/pgfmath.code.tex
(/usr/share/texlive/texmf-dist/tex/generic/pgf/math/pgfmathcalc.code.tex
(/usr/share/texlive/texmf-dist/tex/generic/pgf/math/pgfmathutil.code.tex)
(/usr/share/texlive/texmf-dist/tex/generic/pgf/math/pgfmathparser.code.tex
\pgfmath@dimen=\dimen182
\pgfmath@count=\count162
\pgfmath@box=\box67
\pgfmath@toks=\toks35
\pgfmath@stack@operand=\toks36
\pgfmath@stack@operation=\toks37
)
(/usr/share/texlive/texmf-dist/tex/generic/pgf/math/pgfmathfunctions.code.tex
(/usr/share/texlive/texmf-dist/tex/generic/pgf/math/pgfmathfunctions.basic.code
.tex)
(/usr/share/texlive/texmf-dist/tex/generic/pgf/math/pgfmathfunctions.trigonomet
ric.code.tex)
(/usr/share/texlive/texmf-dist/tex/generic/pgf/math/pgfmathfunctions.random.cod
e.tex)
(/usr/share/texlive/texmf-dist/tex/generic/pgf/math/pgfmathfunctions.comparison
.code.tex)
(/usr/share/texlive/texmf-dist/tex/generic/pgf/math/pgfmathfunctions.base.code.
tex)
(/usr/share/texlive/texmf-dist/tex/generic/pgf/math/pgfmathfunctions.round.code
.tex)
(/usr/share/texlive/texmf-dist/tex/generic/pgf/math/pgfmathfunctions.misc.code.
tex)
(/usr/share/texlive/texmf-dist/tex/generic/pgf/math/pgfmathfunctions.integerari
thmetics.code.tex)))
(/usr/share/texlive/texmf-dist/tex/generic/pgf/math/pgfmathfloat.code.tex
\c@pgfmathroundto@lastzeros=\count163
))
(/usr/share/texlive/texmf-dist/tex/generic/pgf/basiclayer/pgfcorepoints.code.te
x
File: pgfcorepoints.code.tex 2013/10/07  (rcs-revision 1.27)
\pgf@picminx=\dimen183
\pgf@picmaxx=\dimen184
\pgf@picminy=\dimen185
\pgf@picmaxy=\dimen186
\pgf@pathminx=\dimen187
\pgf@pathmaxx=\dimen188
\pgf@pathminy=\dimen189
\pgf@pathmaxy=\dimen190
\pgf@xx=\dimen191
\pgf@xy=\dimen192
\pgf@yx=\dimen193
\pgf@yy=\dimen194
\pgf@zx=\dimen195
\pgf@zy=\dimen196
)
(/usr/share/texlive/texmf-dist/tex/generic/pgf/basiclayer/pgfcorepathconstruct.
code.tex
File: pgfcorepathconstruct.code.tex 2013/10/07  (rcs-revision 1.29)
\pgf@path@lastx=\dimen197
\pgf@path@lasty=\dimen198
)
(/usr/share/texlive/texmf-dist/tex/generic/pgf/basiclayer/pgfcorepathusage.code
.tex
File: pgfcorepathusage.code.tex 2013/12/13  (rcs-revision 1.23)
\pgf@shorten@end@additional=\dimen199
\pgf@shorten@start@additional=\dimen200
)
(/usr/share/texlive/texmf-dist/tex/generic/pgf/basiclayer/pgfcorescopes.code.te
x
File: pgfcorescopes.code.tex 2013/10/09  (rcs-revision 1.44)
\pgfpic=\box68
\pgf@hbox=\box69
\pgf@layerbox@main=\box70
\pgf@picture@serial@count=\count164
)
(/usr/share/texlive/texmf-dist/tex/generic/pgf/basiclayer/pgfcoregraphicstate.c
ode.tex
File: pgfcoregraphicstate.code.tex 2013/09/19  (rcs-revision 1.11)
\pgflinewidth=\dimen201
)
(/usr/share/texlive/texmf-dist/tex/generic/pgf/basiclayer/pgfcoretransformation
s.code.tex
File: pgfcoretransformations.code.tex 2013/10/10  (rcs-revision 1.17)
\pgf@pt@x=\dimen202
\pgf@pt@y=\dimen203
\pgf@pt@temp=\dimen204
)
(/usr/share/texlive/texmf-dist/tex/generic/pgf/basiclayer/pgfcorequick.code.tex
File: pgfcorequick.code.tex 2008/10/09  (rcs-revision 1.3)
)
(/usr/share/texlive/texmf-dist/tex/generic/pgf/basiclayer/pgfcoreobjects.code.t
ex
File: pgfcoreobjects.code.tex 2006/10/11  (rcs-revision 1.2)
)
(/usr/share/texlive/texmf-dist/tex/generic/pgf/basiclayer/pgfcorepathprocessing
.code.tex
File: pgfcorepathprocessing.code.tex 2013/09/09  (rcs-revision 1.9)
)
(/usr/share/texlive/texmf-dist/tex/generic/pgf/basiclayer/pgfcorearrows.code.te
x
File: pgfcorearrows.code.tex 2013/11/07  (rcs-revision 1.40)
\pgfarrowsep=\dimen205
)
(/usr/share/texlive/texmf-dist/tex/generic/pgf/basiclayer/pgfcoreshade.code.tex
File: pgfcoreshade.code.tex 2013/07/15  (rcs-revision 1.15)
\pgf@max=\dimen206
\pgf@sys@shading@range@num=\count165
)
(/usr/share/texlive/texmf-dist/tex/generic/pgf/basiclayer/pgfcoreimage.code.tex
File: pgfcoreimage.code.tex 2013/07/15  (rcs-revision 1.18)

(/usr/share/texlive/texmf-dist/tex/generic/pgf/basiclayer/pgfcoreexternal.code.
tex
File: pgfcoreexternal.code.tex 2013/07/15  (rcs-revision 1.20)
\pgfexternal@startupbox=\box71
))
(/usr/share/texlive/texmf-dist/tex/generic/pgf/basiclayer/pgfcorelayers.code.te
x
File: pgfcorelayers.code.tex 2013/07/18  (rcs-revision 1.7)
)
(/usr/share/texlive/texmf-dist/tex/generic/pgf/basiclayer/pgfcoretransparency.c
ode.tex
File: pgfcoretransparency.code.tex 2013/09/30  (rcs-revision 1.5)
)
(/usr/share/texlive/texmf-dist/tex/generic/pgf/basiclayer/pgfcorepatterns.code.
tex
File: pgfcorepatterns.code.tex 2013/11/07  (rcs-revision 1.5)
)))
(/usr/share/texlive/texmf-dist/tex/generic/pgf/modules/pgfmoduleshapes.code.tex
File: pgfmoduleshapes.code.tex 2013/10/31  (rcs-revision 1.34)
\pgfnodeparttextbox=\box72
) (/usr/share/texlive/texmf-dist/tex/generic/pgf/modules/pgfmoduleplot.code.tex
File: pgfmoduleplot.code.tex 2013/07/31  (rcs-revision 1.12)
)
(/usr/share/texlive/texmf-dist/tex/latex/pgf/compatibility/pgfcomp-version-0-65
.sty
Package: pgfcomp-version-0-65 2007/07/03 v3.0.0 (rcs-revision 1.7)
\pgf@nodesepstart=\dimen207
\pgf@nodesepend=\dimen208
)
(/usr/share/texlive/texmf-dist/tex/latex/pgf/compatibility/pgfcomp-version-1-18
.sty
Package: pgfcomp-version-1-18 2007/07/23 v3.0.0 (rcs-revision 1.1)
)) (/usr/share/texlive/texmf-dist/tex/latex/pgf/utilities/pgffor.sty
(/usr/share/texlive/texmf-dist/tex/latex/pgf/utilities/pgfkeys.sty
(/usr/share/texlive/texmf-dist/tex/generic/pgf/utilities/pgfkeys.code.tex))
(/usr/share/texlive/texmf-dist/tex/latex/pgf/math/pgfmath.sty
(/usr/share/texlive/texmf-dist/tex/generic/pgf/math/pgfmath.code.tex))
(/usr/share/texlive/texmf-dist/tex/generic/pgf/utilities/pgffor.code.tex
Package: pgffor 2013/12/13 v3.0.0 (rcs-revision 1.25)

(/usr/share/texlive/texmf-dist/tex/generic/pgf/math/pgfmath.code.tex)
\pgffor@iter=\dimen209
\pgffor@skip=\dimen210
\pgffor@stack=\toks38
\pgffor@toks=\toks39
))
(/usr/share/texlive/texmf-dist/tex/generic/pgf/frontendlayer/tikz/tikz.code.tex
Package: tikz 2013/12/13 v3.0.0 (rcs-revision 1.142)

(/usr/share/texlive/texmf-dist/tex/generic/pgf/libraries/pgflibraryplothandlers
.code.tex
File: pgflibraryplothandlers.code.tex 2013/08/31 v3.0.0 (rcs-revision 1.20)
\pgf@plot@mark@count=\count166
\pgfplotmarksize=\dimen211
)
\tikz@lastx=\dimen212
\tikz@lasty=\dimen213
\tikz@lastxsaved=\dimen214
\tikz@lastysaved=\dimen215
\tikzleveldistance=\dimen216
\tikzsiblingdistance=\dimen217
\tikz@figbox=\box73
\tikz@figbox@bg=\box74
\tikz@tempbox=\box75
\tikz@tempbox@bg=\box76
\tikztreelevel=\count167
\tikznumberofchildren=\count168
\tikznumberofcurrentchild=\count169
\tikz@fig@count=\count170

(/usr/share/texlive/texmf-dist/tex/generic/pgf/modules/pgfmodulematrix.code.tex
File: pgfmodulematrix.code.tex 2013/09/17  (rcs-revision 1.8)
\pgfmatrixcurrentrow=\count171
\pgfmatrixcurrentcolumn=\count172
\pgf@matrix@numberofcolumns=\count173
)
\tikz@expandcount=\count174

(/usr/share/texlive/texmf-dist/tex/generic/pgf/frontendlayer/tikz/libraries/tik
zlibrarytopaths.code.tex
File: tikzlibrarytopaths.code.tex 2008/06/17 v3.0.0 (rcs-revision 1.2)
)))
(/usr/share/texlive/texmf-dist/tex/generic/pgf/frontendlayer/tikz/libraries/tik
zlibrarypositioning.code.tex
File: tikzlibrarypositioning.code.tex 2008/10/06 v3.0.0 (rcs-revision 1.7)
)
(/usr/share/texlive/texmf-dist/tex/generic/pgf/frontendlayer/tikz/libraries/tik
zlibraryarrows.code.tex
File: tikzlibraryarrows.code.tex 2008/01/09 v3.0.0 (rcs-revision 1.1)

(/usr/share/texlive/texmf-dist/tex/generic/pgf/libraries/pgflibraryarrows.code.
tex
File: pgflibraryarrows.code.tex 2013/09/23 v3.0.0 (rcs-revision 1.16)
\arrowsize=\dimen218
))
(/usr/share/texlive/texmf-dist/tex/generic/pgf/frontendlayer/tikz/libraries/tik
zlibraryshapes.geometric.code.tex
File: tikzlibraryshapes.geometric.code.tex 2008/01/09 v3.0.0 (rcs-revision 1.1)


(/usr/share/texlive/texmf-dist/tex/generic/pgf/libraries/shapes/pgflibraryshape
s.geometric.code.tex
File: pgflibraryshapes.geometric.code.tex 2008/06/26 v3.0.0 (rcs-revision 1.1)
))
(/usr/share/texlive/texmf-dist/tex/latex/enumitem/enumitem.sty
Package: enumitem 2011/09/28 v3.5.2 Customized lists
\labelindent=\skip71
\enit@outerparindent=\dimen219
\enit@toks=\toks40
\enit@inbox=\box77
\enitdp@description=\count175
)
(./draft_tools.tex (/usr/share/texlive/texmf-dist/tex/latex/soul/soul.sty
Package: soul 2003/11/17 v2.4 letterspacing/underlining (mf)
\SOUL@word=\toks41
\SOUL@lasttoken=\toks42
\SOUL@cmds=\toks43
\SOUL@buffer=\toks44
\SOUL@token=\toks45
\SOUL@spaceskip=\skip72
\SOUL@ttwidth=\dimen220
\SOUL@uldp=\dimen221
\SOUL@ulht=\dimen222
))
(./commands.tex
\c@myenumctr=\count176
) (./llncs-space.sty
(/usr/share/texlive/texmf-dist/tex/latex/psnfss/times.sty
Package: times 2005/04/12 PSNFSS-v9.2a (SPQR) 
)
(/usr/share/texlive/texmf-dist/tex/latex/microtype/microtype.sty
Package: microtype 2013/05/23 v2.5a Micro-typographical refinements (RS)
\MT@toks=\toks46
\MT@count=\count177
LaTeX Info: Redefining \textls on input line 766.
\MT@outer@kern=\dimen223
LaTeX Info: Redefining \textmicrotypecontext on input line 1285.
\MT@listname@count=\count178

(/usr/share/texlive/texmf-dist/tex/latex/microtype/microtype-pdftex.def
File: microtype-pdftex.def 2013/05/23 v2.5a Definitions specific to pdftex (RS)

LaTeX Info: Redefining \lsstyle on input line 915.
LaTeX Info: Redefining \lslig on input line 915.
\MT@outer@space=\skip73
)
Package microtype Info: Loading configuration file microtype.cfg.

(./microtype.cfg
File: microtype.cfg 2005/01/11 v1.5 microtype configuration file (RS)


Package microtype Warning: \DeclareMicroTypeSet is deprecated. Please use
(microtype)                \DeclareMicrotypeSet instead on input line 43.


Package microtype Warning: \DeclareMicroTypeAlias is deprecated. Please use
(microtype)                \DeclareMicrotypeAlias instead on input line 77.

))) (./main.aux)
\openout1 = `main.aux'.

LaTeX Font Info:    Checking defaults for OML/cmm/m/it on input line 79.
LaTeX Font Info:    ... okay on input line 79.
LaTeX Font Info:    Checking defaults for T1/cmr/m/n on input line 79.
LaTeX Font Info:    ... okay on input line 79.
LaTeX Font Info:    Checking defaults for OT1/cmr/m/n on input line 79.
LaTeX Font Info:    ... okay on input line 79.
LaTeX Font Info:    Checking defaults for OMS/cmsy/m/n on input line 79.
LaTeX Font Info:    ... okay on input line 79.
LaTeX Font Info:    Checking defaults for OMX/cmex/m/n on input line 79.
LaTeX Font Info:    ... okay on input line 79.
LaTeX Font Info:    Checking defaults for U/cmr/m/n on input line 79.
LaTeX Font Info:    ... okay on input line 79.
LaTeX Font Info:    Checking defaults for PD1/pdf/m/n on input line 79.
LaTeX Font Info:    ... okay on input line 79.
LaTeX Font Info:    Try loading font information for T1+ptm on input line 79.
 (/usr/share/texlive/texmf-dist/tex/latex/psnfss/t1ptm.fd
File: t1ptm.fd 2001/06/04 font definitions for T1/ptm.
)
(/usr/share/texlive/texmf-dist/tex/context/base/supp-pdf.mkii
[Loading MPS to PDF converter (version 2006.09.02).]
\scratchcounter=\count179
\scratchdimen=\dimen224
\scratchbox=\box78
\nofMPsegments=\count180
\nofMParguments=\count181
\everyMPshowfont=\toks47
\MPscratchCnt=\count182
\MPscratchDim=\dimen225
\MPnumerator=\count183
\makeMPintoPDFobject=\count184
\everyMPtoPDFconversion=\toks48
) (/usr/share/texlive/texmf-dist/tex/latex/oberdiek/epstopdf-base.sty
Package: epstopdf-base 2010/02/09 v2.5 Base part for package epstopdf

(/usr/share/texlive/texmf-dist/tex/latex/oberdiek/grfext.sty
Package: grfext 2010/08/19 v1.1 Manage graphics extensions (HO)
)
Package grfext Info: Graphics extension search list:
(grfext)             [.png,.pdf,.jpg,.mps,.jpeg,.jbig2,.jb2,.PNG,.PDF,.JPG,.JPE
G,.JBIG2,.JB2,.eps]
(grfext)             \AppendGraphicsExtensions on input line 452.

(/usr/share/texlive/texmf-dist/tex/latex/latexconfig/epstopdf-sys.cfg
File: epstopdf-sys.cfg 2010/07/13 v1.3 Configuration of (r)epstopdf for TeX Liv
e
))
Package caption Info: Begin \AtBeginDocument code.
Package caption Info: subfig package v1.3 is loaded.
Package caption Info: hyperref package is loaded.
Package caption Info: End \AtBeginDocument code.
\AtBeginShipoutBox=\box79
Package hyperref Info: Link coloring ON on input line 79.

(/usr/share/texlive/texmf-dist/tex/latex/hyperref/nameref.sty
Package: nameref 2012/10/27 v2.43 Cross-referencing by name of section

(/usr/share/texlive/texmf-dist/tex/generic/oberdiek/gettitlestring.sty
Package: gettitlestring 2010/12/03 v1.4 Cleanup title references (HO)
)
\c@section@level=\count185
)
LaTeX Info: Redefining \ref on input line 79.
LaTeX Info: Redefining \pageref on input line 79.
LaTeX Info: Redefining \nameref on input line 79.

(./main.out) (./main.out)
\@outlinefile=\write4
\openout4 = `main.out'.

 ABD: EveryShipout initializing macros
LaTeX Info: Redefining \microtypecontext on input line 79.
Package microtype Info: Generating PDF output.
Package microtype Info: Character protrusion enabled (level 2),
(microtype)             factor: 1100.


Package microtype Warning: No protrusion set chosen, no default set declared. 
(microtype)                Using empty set.

Package microtype Info: Automatic font expansion enabled (level 2),
(microtype)             stretch: 30, shrink: 30, step: 1, non-selected.

Package microtype Warning: No expansion set chosen, no default set declared. 
(microtype)                Using empty set.

Package microtype Info: No adjustment of tracking.
Package microtype Info: Adjustment of interword spacing enabled.

Package microtype Warning: No spacing set chosen, no default set declared. 
(microtype)                Using empty set.

Package microtype Info: Adjustment of character kerning enabled.

Package microtype Warning: No kerning set chosen, no default set declared. 
(microtype)                Using empty set.

(/usr/share/texlive/texmf-dist/tex/latex/microtype/mt-ptm.cfg
File: mt-ptm.cfg 2006/04/20 v1.7 microtype config. file: Times (RS)
)

Package microtype Warning: I cannot find a spacing list for font
(microtype)                `T1/ptm/m/n/10'. Switching off
(microtype)                spacing for this font on input line 79.


Package microtype Warning: I cannot find a kerning list for font
(microtype)                `T1/ptm/m/n/10'. Switching off
(microtype)                kerning for this font on input line 79.


Package microtype Warning: I cannot find a spacing list for font
(microtype)                `T1/ptm/m/n/14.4'. Switching off
(microtype)                spacing for this font on input line 109.


Package microtype Warning: I cannot find a kerning list for font
(microtype)                `T1/ptm/m/n/14.4'. Switching off
(microtype)                kerning for this font on input line 109.

LaTeX Font Info:    Font shape `T1/ptm/bx/n' in size <14.4> not available
(Font)              Font shape `T1/ptm/b/n' tried instead on input line 109.

Package microtype Warning: I cannot find a spacing list for font
(microtype)                `T1/ptm/b/n/14.4'. Switching off
(microtype)                spacing for this font on input line 109.


Package microtype Warning: I cannot find a kerning list for font
(microtype)                `T1/ptm/b/n/14.4'. Switching off
(microtype)                kerning for this font on input line 109.

LaTeX Font Info:    Try loading font information for OT1+lmr on input line 109.

(/usr/share/texmf/tex/latex/lm/ot1lmr.fd
File: ot1lmr.fd 2009/10/30 v1.6 Font defs for Latin Modern
)
(/usr/share/texlive/texmf-dist/tex/latex/microtype/mt-cmr.cfg
File: mt-cmr.cfg 2013/05/19 v2.2 microtype config. file: Computer Modern Roman 
(RS)
)

Package microtype Warning: I cannot find a spacing list for font
(microtype)                `OT1/lmr/m/n/10'. Switching off
(microtype)                spacing for this font on input line 109.


Package microtype Warning: I cannot find a kerning list for font
(microtype)                `OT1/lmr/m/n/10'. Switching off
(microtype)                kerning for this font on input line 109.


Package microtype Warning: I cannot find a spacing list for font
(microtype)                `OT1/lmr/m/n/7'. Switching off
(microtype)                spacing for this font on input line 109.


Package microtype Warning: I cannot find a kerning list for font
(microtype)                `OT1/lmr/m/n/7'. Switching off
(microtype)                kerning for this font on input line 109.


Package microtype Warning: I cannot find a spacing list for font
(microtype)                `OT1/lmr/m/n/5'. Switching off
(microtype)                spacing for this font on input line 109.


Package microtype Warning: I cannot find a kerning list for font
(microtype)                `OT1/lmr/m/n/5'. Switching off
(microtype)                kerning for this font on input line 109.

LaTeX Font Info:    Try loading font information for OML+lmm on input line 109.

(/usr/share/texmf/tex/latex/lm/omllmm.fd
File: omllmm.fd 2009/10/30 v1.6 Font defs for Latin Modern
)

Package microtype Warning: I cannot find a protrusion list for font
(microtype)                `OML/lmm/m/it/10'. Switching off
(microtype)                protrusion for this font on input line 109.


Package microtype Warning: I cannot find a spacing list for font
(microtype)                `OML/lmm/m/it/10'. Switching off
(microtype)                spacing for this font on input line 109.


Package microtype Warning: I cannot find a kerning list for font
(microtype)                `OML/lmm/m/it/10'. Switching off
(microtype)                kerning for this font on input line 109.


Package microtype Warning: I cannot find a protrusion list for font
(microtype)                `OML/lmm/m/it/7'. Switching off
(microtype)                protrusion for this font on input line 109.


Package microtype Warning: I cannot find a spacing list for font
(microtype)                `OML/lmm/m/it/7'. Switching off
(microtype)                spacing for this font on input line 109.


Package microtype Warning: I cannot find a kerning list for font
(microtype)                `OML/lmm/m/it/7'. Switching off
(microtype)                kerning for this font on input line 109.


Package microtype Warning: I cannot find a protrusion list for font
(microtype)                `OML/lmm/m/it/5'. Switching off
(microtype)                protrusion for this font on input line 109.


Package microtype Warning: I cannot find a spacing list for font
(microtype)                `OML/lmm/m/it/5'. Switching off
(microtype)                spacing for this font on input line 109.


Package microtype Warning: I cannot find a kerning list for font
(microtype)                `OML/lmm/m/it/5'. Switching off
(microtype)                kerning for this font on input line 109.

LaTeX Font Info:    Try loading font information for OMS+lmsy on input line 109
.
(/usr/share/texmf/tex/latex/lm/omslmsy.fd
File: omslmsy.fd 2009/10/30 v1.6 Font defs for Latin Modern
)

Package microtype Warning: I cannot find a protrusion list for font
(microtype)                `OMS/lmsy/m/n/10'. Switching off
(microtype)                protrusion for this font on input line 109.


Package microtype Warning: I cannot find a spacing list for font
(microtype)                `OMS/lmsy/m/n/10'. Switching off
(microtype)                spacing for this font on input line 109.


Package microtype Warning: I cannot find a kerning list for font
(microtype)                `OMS/lmsy/m/n/10'. Switching off
(microtype)                kerning for this font on input line 109.


Package microtype Warning: I cannot find a protrusion list for font
(microtype)                `OMS/lmsy/m/n/7'. Switching off
(microtype)                protrusion for this font on input line 109.


Package microtype Warning: I cannot find a spacing list for font
(microtype)                `OMS/lmsy/m/n/7'. Switching off
(microtype)                spacing for this font on input line 109.


Package microtype Warning: I cannot find a kerning list for font
(microtype)                `OMS/lmsy/m/n/7'. Switching off
(microtype)                kerning for this font on input line 109.


Package microtype Warning: I cannot find a protrusion list for font
(microtype)                `OMS/lmsy/m/n/5'. Switching off
(microtype)                protrusion for this font on input line 109.


Package microtype Warning: I cannot find a spacing list for font
(microtype)                `OMS/lmsy/m/n/5'. Switching off
(microtype)                spacing for this font on input line 109.


Package microtype Warning: I cannot find a kerning list for font
(microtype)                `OMS/lmsy/m/n/5'. Switching off
(microtype)                kerning for this font on input line 109.

LaTeX Font Info:    Try loading font information for OMX+lmex on input line 109
.
(/usr/share/texmf/tex/latex/lm/omxlmex.fd
File: omxlmex.fd 2009/10/30 v1.6 Font defs for Latin Modern
)
LaTeX Font Info:    External font `lmex10' loaded for size
(Font)              <10> on input line 109.


Package microtype Warning: I cannot find a protrusion list for font
(microtype)                `OMX/lmex/m/n/10'. Switching off
(microtype)                protrusion for this font on input line 109.


Package microtype Warning: I cannot find a spacing list for font
(microtype)                `OMX/lmex/m/n/10'. Switching off
(microtype)                spacing for this font on input line 109.


Package microtype Warning: I cannot find a kerning list for font
(microtype)                `OMX/lmex/m/n/10'. Switching off
(microtype)                kerning for this font on input line 109.

LaTeX Font Info:    External font `lmex10' loaded for size
(Font)              <7> on input line 109.

Package microtype Warning: I cannot find a protrusion list for font
(microtype)                `OMX/lmex/m/n/7'. Switching off
(microtype)                protrusion for this font on input line 109.


Package microtype Warning: I cannot find a spacing list for font
(microtype)                `OMX/lmex/m/n/7'. Switching off
(microtype)                spacing for this font on input line 109.


Package microtype Warning: I cannot find a kerning list for font
(microtype)                `OMX/lmex/m/n/7'. Switching off
(microtype)                kerning for this font on input line 109.

LaTeX Font Info:    External font `lmex10' loaded for size
(Font)              <5> on input line 109.

Package microtype Warning: I cannot find a protrusion list for font
(microtype)                `OMX/lmex/m/n/5'. Switching off
(microtype)                protrusion for this font on input line 109.


Package microtype Warning: I cannot find a spacing list for font
(microtype)                `OMX/lmex/m/n/5'. Switching off
(microtype)                spacing for this font on input line 109.


Package microtype Warning: I cannot find a kerning list for font
(microtype)                `OMX/lmex/m/n/5'. Switching off
(microtype)                kerning for this font on input line 109.

LaTeX Font Info:    Try loading font information for U+msa on input line 109.
(/usr/share/texlive/texmf-dist/tex/latex/amsfonts/umsa.fd
File: umsa.fd 2013/01/14 v3.01 AMS symbols A
)
(/usr/share/texlive/texmf-dist/tex/latex/microtype/mt-msa.cfg
File: mt-msa.cfg 2006/02/04 v1.1 microtype config. file: AMS symbols (a) (RS)
)

Package microtype Warning: I cannot find a spacing list for font
(microtype)                `U/msa/m/n/10'. Switching off
(microtype)                spacing for this font on input line 109.


Package microtype Warning: I cannot find a kerning list for font
(microtype)                `U/msa/m/n/10'. Switching off
(microtype)                kerning for this font on input line 109.


Package microtype Warning: I cannot find a spacing list for font
(microtype)                `U/msa/m/n/7'. Switching off
(microtype)                spacing for this font on input line 109.


Package microtype Warning: I cannot find a kerning list for font
(microtype)                `U/msa/m/n/7'. Switching off
(microtype)                kerning for this font on input line 109.


Package microtype Warning: I cannot find a spacing list for font
(microtype)                `U/msa/m/n/5'. Switching off
(microtype)                spacing for this font on input line 109.


Package microtype Warning: I cannot find a kerning list for font
(microtype)                `U/msa/m/n/5'. Switching off
(microtype)                kerning for this font on input line 109.

LaTeX Font Info:    Try loading font information for U+msb on input line 109.
(/usr/share/texlive/texmf-dist/tex/latex/amsfonts/umsb.fd
File: umsb.fd 2013/01/14 v3.01 AMS symbols B
)
(/usr/share/texlive/texmf-dist/tex/latex/microtype/mt-msb.cfg
File: mt-msb.cfg 2005/06/01 v1.0 microtype config. file: AMS symbols (b) (RS)
)

Package microtype Warning: I cannot find a spacing list for font
(microtype)                `U/msb/m/n/10'. Switching off
(microtype)                spacing for this font on input line 109.


Package microtype Warning: I cannot find a kerning list for font
(microtype)                `U/msb/m/n/10'. Switching off
(microtype)                kerning for this font on input line 109.


Package microtype Warning: I cannot find a spacing list for font
(microtype)                `U/msb/m/n/7'. Switching off
(microtype)                spacing for this font on input line 109.


Package microtype Warning: I cannot find a kerning list for font
(microtype)                `U/msb/m/n/7'. Switching off
(microtype)                kerning for this font on input line 109.


Package microtype Warning: I cannot find a spacing list for font
(microtype)                `U/msb/m/n/5'. Switching off
(microtype)                spacing for this font on input line 109.


Package microtype Warning: I cannot find a kerning list for font
(microtype)                `U/msb/m/n/5'. Switching off
(microtype)                kerning for this font on input line 109.


Package microtype Warning: I cannot find a spacing list for font
(microtype)                `T1/ptm/m/n/9'. Switching off
(microtype)                spacing for this font on input line 109.


Package microtype Warning: I cannot find a kerning list for font
(microtype)                `T1/ptm/m/n/9'. Switching off
(microtype)                kerning for this font on input line 109.


Package microtype Warning: I cannot find a spacing list for font
(microtype)                `OT1/lmr/m/n/9'. Switching off
(microtype)                spacing for this font on input line 109.


Package microtype Warning: I cannot find a kerning list for font
(microtype)                `OT1/lmr/m/n/9'. Switching off
(microtype)                kerning for this font on input line 109.


Package microtype Warning: I cannot find a spacing list for font
(microtype)                `OT1/lmr/m/n/6'. Switching off
(microtype)                spacing for this font on input line 109.


Package microtype Warning: I cannot find a kerning list for font
(microtype)                `OT1/lmr/m/n/6'. Switching off
(microtype)                kerning for this font on input line 109.


Package microtype Warning: I cannot find a protrusion list for font
(microtype)                `OML/lmm/m/it/9'. Switching off
(microtype)                protrusion for this font on input line 109.


Package microtype Warning: I cannot find a spacing list for font
(microtype)                `OML/lmm/m/it/9'. Switching off
(microtype)                spacing for this font on input line 109.


Package microtype Warning: I cannot find a kerning list for font
(microtype)                `OML/lmm/m/it/9'. Switching off
(microtype)                kerning for this font on input line 109.


Package microtype Warning: I cannot find a protrusion list for font
(microtype)                `OML/lmm/m/it/6'. Switching off
(microtype)                protrusion for this font on input line 109.


Package microtype Warning: I cannot find a spacing list for font
(microtype)                `OML/lmm/m/it/6'. Switching off
(microtype)                spacing for this font on input line 109.


Package microtype Warning: I cannot find a kerning list for font
(microtype)                `OML/lmm/m/it/6'. Switching off
(microtype)                kerning for this font on input line 109.


Package microtype Warning: I cannot find a protrusion list for font
(microtype)                `OMS/lmsy/m/n/9'. Switching off
(microtype)                protrusion for this font on input line 109.


Package microtype Warning: I cannot find a spacing list for font
(microtype)                `OMS/lmsy/m/n/9'. Switching off
(microtype)                spacing for this font on input line 109.


Package microtype Warning: I cannot find a kerning list for font
(microtype)                `OMS/lmsy/m/n/9'. Switching off
(microtype)                kerning for this font on input line 109.


Package microtype Warning: I cannot find a protrusion list for font
(microtype)                `OMS/lmsy/m/n/6'. Switching off
(microtype)                protrusion for this font on input line 109.


Package microtype Warning: I cannot find a spacing list for font
(microtype)                `OMS/lmsy/m/n/6'. Switching off
(microtype)                spacing for this font on input line 109.


Package microtype Warning: I cannot find a kerning list for font
(microtype)                `OMS/lmsy/m/n/6'. Switching off
(microtype)                kerning for this font on input line 109.

LaTeX Font Info:    External font `lmex10' loaded for size
(Font)              <9> on input line 109.

Package microtype Warning: I cannot find a protrusion list for font
(microtype)                `OMX/lmex/m/n/9'. Switching off
(microtype)                protrusion for this font on input line 109.


Package microtype Warning: I cannot find a spacing list for font
(microtype)                `OMX/lmex/m/n/9'. Switching off
(microtype)                spacing for this font on input line 109.


Package microtype Warning: I cannot find a kerning list for font
(microtype)                `OMX/lmex/m/n/9'. Switching off
(microtype)                kerning for this font on input line 109.

LaTeX Font Info:    External font `lmex10' loaded for size
(Font)              <6> on input line 109.

Package microtype Warning: I cannot find a protrusion list for font
(microtype)                `OMX/lmex/m/n/6'. Switching off
(microtype)                protrusion for this font on input line 109.


Package microtype Warning: I cannot find a spacing list for font
(microtype)                `OMX/lmex/m/n/6'. Switching off
(microtype)                spacing for this font on input line 109.


Package microtype Warning: I cannot find a kerning list for font
(microtype)                `OMX/lmex/m/n/6'. Switching off
(microtype)                kerning for this font on input line 109.


Package microtype Warning: I cannot find a spacing list for font
(microtype)                `U/msa/m/n/9'. Switching off
(microtype)                spacing for this font on input line 109.


Package microtype Warning: I cannot find a kerning list for font
(microtype)                `U/msa/m/n/9'. Switching off
(microtype)                kerning for this font on input line 109.


Package microtype Warning: I cannot find a spacing list for font
(microtype)                `U/msa/m/n/6'. Switching off
(microtype)                spacing for this font on input line 109.


Package microtype Warning: I cannot find a kerning list for font
(microtype)                `U/msa/m/n/6'. Switching off
(microtype)                kerning for this font on input line 109.


Package microtype Warning: I cannot find a spacing list for font
(microtype)                `U/msb/m/n/9'. Switching off
(microtype)                spacing for this font on input line 109.


Package microtype Warning: I cannot find a kerning list for font
(microtype)                `U/msb/m/n/9'. Switching off
(microtype)                kerning for this font on input line 109.


Package microtype Warning: I cannot find a spacing list for font
(microtype)                `U/msb/m/n/6'. Switching off
(microtype)                spacing for this font on input line 109.


Package microtype Warning: I cannot find a kerning list for font
(microtype)                `U/msb/m/n/6'. Switching off
(microtype)                kerning for this font on input line 109.


Package hyperref Warning: Token not allowed in a PDF string (PDFDocEncoding):
(hyperref)                removing `\\' on input line 109.


Package hyperref Warning: Token not allowed in a PDF string (PDFDocEncoding):
(hyperref)                removing `\\' on input line 109.

LaTeX Font Info:    Font shape `T1/ptm/bx/n' in size <9> not available
(Font)              Font shape `T1/ptm/b/n' tried instead on input line 111.

Package microtype Warning: I cannot find a spacing list for font
(microtype)                `T1/ptm/b/n/9'. Switching off
(microtype)                spacing for this font on input line 111.


Package microtype Warning: I cannot find a kerning list for font
(microtype)                `T1/ptm/b/n/9'. Switching off
(microtype)                kerning for this font on input line 111.

(./sections/10-intro.tex

Package microtype Warning: I cannot find a spacing list for font
(microtype)                `T1/ptm/m/n/12'. Switching off
(microtype)                spacing for this font on input line 3.


Package microtype Warning: I cannot find a kerning list for font
(microtype)                `T1/ptm/m/n/12'. Switching off
(microtype)                kerning for this font on input line 3.

LaTeX Font Info:    Font shape `T1/ptm/bx/n' in size <12> not available
(Font)              Font shape `T1/ptm/b/n' tried instead on input line 3.

Package microtype Warning: I cannot find a spacing list for font
(microtype)                `T1/ptm/b/n/12'. Switching off
(microtype)                spacing for this font on input line 3.


Package microtype Warning: I cannot find a kerning list for font
(microtype)                `T1/ptm/b/n/12'. Switching off
(microtype)                kerning for this font on input line 3.

LaTeX Font Info:    Font shape `T1/ptm/bx/n' in size <10> not available
(Font)              Font shape `T1/ptm/b/n' tried instead on input line 6.

Package microtype Warning: I cannot find a spacing list for font
(microtype)                `T1/ptm/b/n/10'. Switching off
(microtype)                spacing for this font on input line 6.


Package microtype Warning: I cannot find a kerning list for font
(microtype)                `T1/ptm/b/n/10'. Switching off
(microtype)                kerning for this font on input line 6.


Package microtype Warning: I cannot find a spacing list for font
(microtype)                `OT1/lmr/m/it/10'. Switching off
(microtype)                spacing for this font on input line 31.


Package microtype Warning: I cannot find a kerning list for font
(microtype)                `OT1/lmr/m/it/10'. Switching off
(microtype)                kerning for this font on input line 31.


Package microtype Warning: I cannot find a spacing list for font
(microtype)                `OT1/lmr/m/it/7'. Switching off
(microtype)                spacing for this font on input line 31.


Package microtype Warning: I cannot find a kerning list for font
(microtype)                `OT1/lmr/m/it/7'. Switching off
(microtype)                kerning for this font on input line 31.


Package microtype Warning: I cannot find a spacing list for font
(microtype)                `OT1/lmr/m/it/5'. Switching off
(microtype)                spacing for this font on input line 31.


Package microtype Warning: I cannot find a kerning list for font
(microtype)                `OT1/lmr/m/it/5'. Switching off
(microtype)                kerning for this font on input line 31.

[1



{/var/lib/texmf/fonts/map/pdftex/updmap/pdftex.map}]

Package microtype Warning: I cannot find a spacing list for font
(microtype)                `OT1/lmr/m/it/9'. Switching off
(microtype)                spacing for this font on input line 60.


Package microtype Warning: I cannot find a kerning list for font
(microtype)                `OT1/lmr/m/it/9'. Switching off
(microtype)                kerning for this font on input line 60.


Package microtype Warning: I cannot find a spacing list for font
(microtype)                `OT1/lmr/m/it/6'. Switching off
(microtype)                spacing for this font on input line 60.


Package microtype Warning: I cannot find a kerning list for font
(microtype)                `OT1/lmr/m/it/6'. Switching off
(microtype)                kerning for this font on input line 60.


Package microtype Warning: I cannot find a spacing list for font
(microtype)                `T1/ptm/m/it/10'. Switching off
(microtype)                spacing for this font on input line 106.


Package microtype Warning: I cannot find a kerning list for font
(microtype)                `T1/ptm/m/it/10'. Switching off
(microtype)                kerning for this font on input line 106.

[2]
LaTeX Font Info:    Try loading font information for T1+cmtt on input line 158.

 (/usr/share/texlive/texmf-dist/tex/latex/base/t1cmtt.fd
File: t1cmtt.fd 2014/09/29 v2.5h Standard LaTeX font definitions
)
Package microtype Info: Loading generic settings for font family
(microtype)             `cmtt' (encoding: T1).
(microtype)             For optimal results, create family-specific settings.
(microtype)             See the microtype manual for details.


Package microtype Warning: Unknown slot number of character
(microtype)                `\ '
(microtype)                in font encoding `T1' in protrusion list 
(microtype)                `default'.


Package microtype Warning: I cannot find a spacing list for font
(microtype)                `T1/cmtt/m/n/10'. Switching off
(microtype)                spacing for this font on input line 158.


Package microtype Warning: I cannot find a kerning list for font
(microtype)                `T1/cmtt/m/n/10'. Switching off
(microtype)                kerning for this font on input line 158.

) (./sections/30-problem_statement.tex [3] [4]

Package microtype Warning: I cannot find a spacing list for font
(microtype)                `OT1/lmr/bx/n/10'. Switching off
(microtype)                spacing for this font on input line 101.


Package microtype Warning: I cannot find a kerning list for font
(microtype)                `OT1/lmr/bx/n/10'. Switching off
(microtype)                kerning for this font on input line 101.


Package microtype Warning: I cannot find a spacing list for font
(microtype)                `OT1/lmr/bx/n/7'. Switching off
(microtype)                spacing for this font on input line 101.


Package microtype Warning: I cannot find a kerning list for font
(microtype)                `OT1/lmr/bx/n/7'. Switching off
(microtype)                kerning for this font on input line 101.


Package microtype Warning: I cannot find a spacing list for font
(microtype)                `OT1/lmr/bx/n/5'. Switching off
(microtype)                spacing for this font on input line 101.


Package microtype Warning: I cannot find a kerning list for font
(microtype)                `OT1/lmr/bx/n/5'. Switching off
(microtype)                kerning for this font on input line 101.


Package microtype Warning: I cannot find a protrusion list for font
(microtype)                `OML/lmm/b/it/10'. Switching off
(microtype)                protrusion for this font on input line 101.


Package microtype Warning: I cannot find a spacing list for font
(microtype)                `OML/lmm/b/it/10'. Switching off
(microtype)                spacing for this font on input line 101.


Package microtype Warning: I cannot find a kerning list for font
(microtype)                `OML/lmm/b/it/10'. Switching off
(microtype)                kerning for this font on input line 101.


Package microtype Warning: I cannot find a protrusion list for font
(microtype)                `OML/lmm/b/it/7'. Switching off
(microtype)                protrusion for this font on input line 101.


Package microtype Warning: I cannot find a spacing list for font
(microtype)                `OML/lmm/b/it/7'. Switching off
(microtype)                spacing for this font on input line 101.


Package microtype Warning: I cannot find a kerning list for font
(microtype)                `OML/lmm/b/it/7'. Switching off
(microtype)                kerning for this font on input line 101.


Package microtype Warning: I cannot find a protrusion list for font
(microtype)                `OML/lmm/b/it/5'. Switching off
(microtype)                protrusion for this font on input line 101.


Package microtype Warning: I cannot find a spacing list for font
(microtype)                `OML/lmm/b/it/5'. Switching off
(microtype)                spacing for this font on input line 101.


Package microtype Warning: I cannot find a kerning list for font
(microtype)                `OML/lmm/b/it/5'. Switching off
(microtype)                kerning for this font on input line 101.


Package microtype Warning: I cannot find a protrusion list for font
(microtype)                `OMS/lmsy/b/n/10'. Switching off
(microtype)                protrusion for this font on input line 101.


Package microtype Warning: I cannot find a spacing list for font
(microtype)                `OMS/lmsy/b/n/10'. Switching off
(microtype)                spacing for this font on input line 101.


Package microtype Warning: I cannot find a kerning list for font
(microtype)                `OMS/lmsy/b/n/10'. Switching off
(microtype)                kerning for this font on input line 101.


Package microtype Warning: I cannot find a protrusion list for font
(microtype)                `OMS/lmsy/b/n/7'. Switching off
(microtype)                protrusion for this font on input line 101.


Package microtype Warning: I cannot find a spacing list for font
(microtype)                `OMS/lmsy/b/n/7'. Switching off
(microtype)                spacing for this font on input line 101.


Package microtype Warning: I cannot find a kerning list for font
(microtype)                `OMS/lmsy/b/n/7'. Switching off
(microtype)                kerning for this font on input line 101.


Package microtype Warning: I cannot find a protrusion list for font
(microtype)                `OMS/lmsy/b/n/5'. Switching off
(microtype)                protrusion for this font on input line 101.


Package microtype Warning: I cannot find a spacing list for font
(microtype)                `OMS/lmsy/b/n/5'. Switching off
(microtype)                spacing for this font on input line 101.


Package microtype Warning: I cannot find a kerning list for font
(microtype)                `OMS/lmsy/b/n/5'. Switching off
(microtype)                kerning for this font on input line 101.


Package microtype Warning: I cannot find a spacing list for font
(microtype)                `T1/ptm/m/n/7'. Switching off
(microtype)                spacing for this font on input line 115.


Package microtype Warning: I cannot find a kerning list for font
(microtype)                `T1/ptm/m/n/7'. Switching off
(microtype)                kerning for this font on input line 115.


Package microtype Warning: I cannot find a spacing list for font
(microtype)                `T1/ptm/m/n/5'. Switching off
(microtype)                spacing for this font on input line 115.


Package microtype Warning: I cannot find a kerning list for font
(microtype)                `T1/ptm/m/n/5'. Switching off
(microtype)                kerning for this font on input line 115.


Package microtype Warning: I cannot find a spacing list for font
(microtype)                `T1/ptm/m/it/9'. Switching off
(microtype)                spacing for this font on input line 151.


Package microtype Warning: I cannot find a kerning list for font
(microtype)                `T1/ptm/m/it/9'. Switching off
(microtype)                kerning for this font on input line 151.

[5]) (./sections/40-methodology.tex [6]
<figures/system_overview_H.pdf, id=209, 804.00375pt x 212.795pt>
File: figures/system_overview_H.pdf Graphic file (type pdf)

<use figures/system_overview_H.pdf>
Package pdftex.def Info: figures/system_overview_H.pdf used on input line 16.
(pdftex.def)             Requested size: 347.12354pt x 91.87021pt.
 [7 <./figures/system_overview_H.pdf>])
(./sections/50-evaluation.tex [8]

Package microtype Warning: I cannot find a spacing list for font
(microtype)                `T1/ptm/m/n/6'. Switching off
(microtype)                spacing for this font on input line 31.


Package microtype Warning: I cannot find a kerning list for font
(microtype)                `T1/ptm/m/n/6'. Switching off
(microtype)                kerning for this font on input line 31.


Overfull \hbox (1.6093pt too wide) in paragraph at lines 46--46
[] 
 []

[9] (./figures/diff_lambda.tex
<figures/new_exp1/legend-crop.pdf, id=317, 469.755pt x 19.07124pt>
File: figures/new_exp1/legend-crop.pdf Graphic file (type pdf)

<use figures/new_exp1/legend-crop.pdf>
Package pdftex.def Info: figures/new_exp1/legend-crop.pdf used on input line 5.

(pdftex.def)             Requested size: 208.27623pt x 8.45567pt.

<figures/new_exp1/fb15k_hole_conf-crop.pdf, id=318, 449.68pt x 478.78876pt>
File: figures/new_exp1/fb15k_hole_conf-crop.pdf Graphic file (type pdf)

<use figures/new_exp1/fb15k_hole_conf-crop.pdf>
Package pdftex.def Info: figures/new_exp1/fb15k_hole_conf-crop.pdf used on inpu
t line 7.
(pdftex.def)             Requested size: 104.1381pt x 110.87889pt.

<figures/new_exp1/fb15k_ssp_conf-crop.pdf, id=319, 449.68pt x 478.78876pt>
File: figures/new_exp1/fb15k_ssp_conf-crop.pdf Graphic file (type pdf)

<use figures/new_exp1/fb15k_ssp_conf-crop.pdf>
Package pdftex.def Info: figures/new_exp1/fb15k_ssp_conf-crop.pdf used on input
 line 8.
(pdftex.def)             Requested size: 104.1381pt x 110.87889pt.

<figures/new_exp1/fb15k_ssp_pca-crop.pdf, id=320, 449.68pt x 480.79625pt>
File: figures/new_exp1/fb15k_ssp_pca-crop.pdf Graphic file (type pdf)

<use figures/new_exp1/fb15k_ssp_pca-crop.pdf>
Package pdftex.def Info: figures/new_exp1/fb15k_ssp_pca-crop.pdf used on input 
line 10.
(pdftex.def)             Requested size: 104.1381pt x 111.34378pt.

<figures/new_exp1/wiki44k_transe_conf-crop.pdf, id=321, 449.68pt x 480.79625pt>
File: figures/new_exp1/wiki44k_transe_conf-crop.pdf Graphic file (type pdf)
<use figures/new_exp1/wiki44k_transe_conf-crop.pdf>
Package pdftex.def Info: figures/new_exp1/wiki44k_transe_conf-crop.pdf used on 
input line 12.
(pdftex.def)             Requested size: 104.1381pt x 111.34378pt.

<figures/new_exp1/wiki44k_ssp_conf-crop.pdf, id=322, 449.68pt x 480.79625pt>
File: figures/new_exp1/wiki44k_ssp_conf-crop.pdf Graphic file (type pdf)

<use figures/new_exp1/wiki44k_ssp_conf-crop.pdf>
Package pdftex.def Info: figures/new_exp1/wiki44k_ssp_conf-crop.pdf used on inp
ut line 13.
(pdftex.def)             Requested size: 104.1381pt x 111.34378pt.

<figures/new_exp1/wiki44k_ssp_pca-crop.pdf, id=323, 449.68pt x 480.79625pt>
File: figures/new_exp1/wiki44k_ssp_pca-crop.pdf Graphic file (type pdf)

<use figures/new_exp1/wiki44k_ssp_pca-crop.pdf>
Package pdftex.def Info: figures/new_exp1/wiki44k_ssp_pca-crop.pdf used on inpu
t line 15.
(pdftex.def)             Requested size: 104.1381pt x 111.34378pt.
) [10]
(./tables/concrete_rule_type_quality.tex
LaTeX Font Info:    Font shape `T1/ptm/bx/n' in size <7> not available
(Font)              Font shape `T1/ptm/b/n' tried instead on input line 6.


Package microtype Warning: I cannot find a spacing list for font
(microtype)                `T1/ptm/b/n/7'. Switching off
(microtype)                spacing for this font on input line 6.


Package microtype Warning: I cannot find a kerning list for font
(microtype)                `T1/ptm/b/n/7'. Switching off
(microtype)                kerning for this font on input line 6.

LaTeX Font Info:    Font shape `T1/ptm/bx/it' in size <7> not available
(Font)              Font shape `T1/ptm/b/it' tried instead on input line 6.

Package microtype Warning: I cannot find a spacing list for font
(microtype)                `T1/ptm/b/it/7'. Switching off
(microtype)                spacing for this font on input line 6.


Package microtype Warning: I cannot find a kerning list for font
(microtype)                `T1/ptm/b/it/7'. Switching off
(microtype)                kerning for this font on input line 6.

)
Underfull \vbox (badness 3302) has occurred while \output is active []

 [11pdfTeX warning (ext4): destination with the same identifier (name{subfigure
.3.1}) has been already used, duplicate ignored

\AtBegShi@Output ...ipout \box \AtBeginShipoutBox 
                                                  \fi \fi 
l.97 
      <./figures/new_exp1/legend-crop.pdf> <./figures/new_exp1/fb15k_hole_conf-
crop.pdf

pdfTeX warning: pdflatex (file ./figures/new_exp1/fb15k_hole_conf-crop.pdf): PD
F inclusion: multiple pdfs with page group included in a single page
> <./figures/new_exp1/fb15k_ssp_conf-crop.pdf

pdfTeX warning: pdflatex (file ./figures/new_exp1/fb15k_ssp_conf-crop.pdf): PDF
 inclusion: multiple pdfs with page group included in a single page
> <./figures/new_exp1/fb15k_ssp_pca-crop.pdf

pdfTeX warning: pdflatex (file ./figures/new_exp1/fb15k_ssp_pca-crop.pdf): PDF 
inclusion: multiple pdfs with page group included in a single page
> <./figures/new_exp1/wiki44k_transe_conf-crop.pdf

pdfTeX warning: pdflatex (file ./figures/new_exp1/wiki44k_transe_conf-crop.pdf)
: PDF inclusion: multiple pdfs with page group included in a single page
> <./figures/new_exp1/wiki44k_ssp_conf-crop.pdf

pdfTeX warning: pdflatex (file ./figures/new_exp1/wiki44k_ssp_conf-crop.pdf): P
DF inclusion: multiple pdfs with page group included in a single page
> <./figures/new_exp1/wiki44k_ssp_pca-crop.pdf

pdfTeX warning: pdflatex (file ./figures/new_exp1/wiki44k_ssp_pca-crop.pdf): PD
F inclusion: multiple pdfs with page group included in a single page
>] (./tables/hybrid_rules_precision.tex) (./tables/rules_vs_neurallp.tex)
[12] (./figures/examples.tex
Overfull \hbox (2.80528pt too wide) in paragraph at lines 7--19
 [][] 
 []

) (./tables/exception_prediction_result.tex)) (./sections/60-related_work.tex
[13]) (./sections/70-conclusion.tex) (./sections/80-appendix.tex [14]
<figures/technical_rp/fb15k_pred_dist-crop.pdf, id=618, 473.77pt x 319.1925pt>
File: figures/technical_rp/fb15k_pred_dist-crop.pdf Graphic file (type pdf)

<use figures/technical_rp/fb15k_pred_dist-crop.pdf>
Package pdftex.def Info: figures/technical_rp/fb15k_pred_dist-crop.pdf used on 
input line 18.
(pdftex.def)             Requested size: 173.56177pt x 116.93045pt.

<figures/technical_rp/wiki44k_pred_dist-crop.pdf, id=619, 473.77pt x 319.1925pt
>
File: figures/technical_rp/wiki44k_pred_dist-crop.pdf Graphic file (type pdf)
 <use figures/technical_rp/wiki44k_pred_dist-crop.pdf>
Package pdftex.def Info: figures/technical_rp/wiki44k_pred_dist-crop.pdf used o
n input line 19.
(pdftex.def)             Requested size: 173.56177pt x 116.93045pt.

Overfull \hbox (4.5pt too wide) in paragraph at lines 18--19
 [][][][] 
 []

<figures/technical_rp/imdb_pred_dist-crop.pdf, id=620, 473.77pt x 319.1925pt>
File: figures/technical_rp/imdb_pred_dist-crop.pdf Graphic file (type pdf)

<use figures/technical_rp/imdb_pred_dist-crop.pdf>
Package pdftex.def Info: figures/technical_rp/imdb_pred_dist-crop.pdf used on i
nput line 20.
(pdftex.def)             Requested size: 173.56177pt x 116.93045pt.


LaTeX Warning: `h' float specifier changed to `ht'.

(./tables/embeddings_performance.tex) [15]
<figures/technical_rp/imdb_transe_conf-crop.pdf, id=662, 471.7625pt x 318.18875
pt>
File: figures/technical_rp/imdb_transe_conf-crop.pdf Graphic file (type pdf)
 <use figures/technical_rp/imdb_transe_conf-crop.pdf>
Package pdftex.def Info: figures/technical_rp/imdb_transe_conf-crop.pdf used on
 input line 57.
(pdftex.def)             Requested size: 173.56177pt x 117.06282pt.

<figures/technical_rp/imdb_transe_conv-crop.pdf, id=663, 471.7625pt x 318.18875
pt>
File: figures/technical_rp/imdb_transe_conv-crop.pdf Graphic file (type pdf)
 <use figures/technical_rp/imdb_transe_conv-crop.pdf>
Package pdftex.def Info: figures/technical_rp/imdb_transe_conv-crop.pdf used on
 input line 58.
(pdftex.def)             Requested size: 173.56177pt x 117.06282pt.

Overfull \hbox (4.5pt too wide) in paragraph at lines 57--58
 [][][][] 
 []


<figures/technical_rp/imdb_transe_pca-crop.pdf, id=664, 471.7625pt x 318.18875p
t>
File: figures/technical_rp/imdb_transe_pca-crop.pdf Graphic file (type pdf)
 <use figures/technical_rp/imdb_transe_pca-crop.pdf>
Package pdftex.def Info: figures/technical_rp/imdb_transe_pca-crop.pdf used on 
input line 59.
(pdftex.def)             Requested size: 173.56177pt x 117.06282pt.
 [16 <./figures/technical_rp/fb15k_pred_dist-crop.pdf> <./figures/technical_rp/
wiki44k_pred_dist-crop.pdf

pdfTeX warning: pdflatex (file ./figures/technical_rp/wiki44k_pred_dist-crop.pd
f): PDF inclusion: multiple pdfs with page group included in a single page
> <./figures/technical_rp/imdb_pred_dist-crop.pdf

pdfTeX warning: pdflatex (file ./figures/technical_rp/imdb_pred_dist-crop.pdf):
 PDF inclusion: multiple pdfs with page group included in a single page
>]
<figures/technical_rp/fb15k_hole_conf-crop.pdf, id=726, 471.7625pt x 318.18875p
t>
File: figures/technical_rp/fb15k_hole_conf-crop.pdf Graphic file (type pdf)
 <use figures/technical_rp/fb15k_hole_conf-crop.pdf>
Package pdftex.def Info: figures/technical_rp/fb15k_hole_conf-crop.pdf used on 
input line 76.
(pdftex.def)             Requested size: 173.56177pt x 117.06282pt.

<figures/technical_rp/fb15k_ssp_conf-crop.pdf, id=727, 471.7625pt x 318.18875pt
>
File: figures/technical_rp/fb15k_ssp_conf-crop.pdf Graphic file (type pdf)
 <use figures/technical_rp/fb15k_ssp_conf-crop.pdf>
Package pdftex.def Info: figures/technical_rp/fb15k_ssp_conf-crop.pdf used on i
nput line 77.
(pdftex.def)             Requested size: 173.56177pt x 117.06282pt.

Overfull \hbox (2.25pt too wide) in paragraph at lines 76--77
 [][][][] 
 []


<figures/technical_rp/fb15k_hole_pca-crop.pdf, id=728, 471.7625pt x 318.18875pt
>
File: figures/technical_rp/fb15k_hole_pca-crop.pdf Graphic file (type pdf)
 <use figures/technical_rp/fb15k_hole_pca-crop.pdf>
Package pdftex.def Info: figures/technical_rp/fb15k_hole_pca-crop.pdf used on i
nput line 78.
(pdftex.def)             Requested size: 173.56177pt x 117.06282pt.

<figures/technical_rp/fb15k_ssp_pca-crop.pdf, id=729, 471.7625pt x 318.18875pt>
File: figures/technical_rp/fb15k_ssp_pca-crop.pdf Graphic file (type pdf)
<use figures/technical_rp/fb15k_ssp_pca-crop.pdf>
Package pdftex.def Info: figures/technical_rp/fb15k_ssp_pca-crop.pdf used on in
put line 79.
(pdftex.def)             Requested size: 173.56177pt x 117.06282pt.

Overfull \hbox (4.5pt too wide) in paragraph at lines 78--79
 [][][][] 
 []


<figures/technical_rp/fb15k_hole_conv-crop.pdf, id=730, 471.7625pt x 318.18875p
t>
File: figures/technical_rp/fb15k_hole_conv-crop.pdf Graphic file (type pdf)
 <use figures/technical_rp/fb15k_hole_conv-crop.pdf>
Package pdftex.def Info: figures/technical_rp/fb15k_hole_conv-crop.pdf used on 
input line 80.
(pdftex.def)             Requested size: 173.56177pt x 117.06282pt.

<figures/technical_rp/fb15k_ssp_conv-crop.pdf, id=731, 471.7625pt x 318.18875pt
>
File: figures/technical_rp/fb15k_ssp_conv-crop.pdf Graphic file (type pdf)
 <use figures/technical_rp/fb15k_ssp_conv-crop.pdf>
Package pdftex.def Info: figures/technical_rp/fb15k_ssp_conv-crop.pdf used on i
nput line 81.
(pdftex.def)             Requested size: 173.56177pt x 117.06282pt.

Overfull \hbox (4.5pt too wide) in paragraph at lines 80--81
 [][][][] 
 []


<figures/technical_rp/wiki44k_transe_conf-crop.pdf, id=732, 471.7625pt x 318.18
875pt>
File: figures/technical_rp/wiki44k_transe_conf-crop.pdf Graphic file (type pdf)

 <use figures/technical_rp/wiki44k_transe_conf-crop.pdf>
Package pdftex.def Info: figures/technical_rp/wiki44k_transe_conf-crop.pdf used
 on input line 87.
(pdftex.def)             Requested size: 173.56177pt x 117.06282pt.

<figures/technical_rp/wiki44k_ssp_conf-crop.pdf, id=733, 471.7625pt x 318.18875
pt>
File: figures/technical_rp/wiki44k_ssp_conf-crop.pdf Graphic file (type pdf)
 <use figures/technical_rp/wiki44k_ssp_conf-crop.pdf>
Package pdftex.def Info: figures/technical_rp/wiki44k_ssp_conf-crop.pdf used on
 input line 88.
(pdftex.def)             Requested size: 173.56177pt x 117.06282pt.

Overfull \hbox (2.25pt too wide) in paragraph at lines 87--88
 [][][][] 
 []


<figures/technical_rp/wiki44k_transe_pca-crop.pdf, id=734, 471.7625pt x 318.188
75pt>
File: figures/technical_rp/wiki44k_transe_pca-crop.pdf Graphic file (type pdf)
 <use figures/technical_rp/wiki44k_transe_pca-crop.pdf>
Package pdftex.def Info: figures/technical_rp/wiki44k_transe_pca-crop.pdf used 
on input line 89.
(pdftex.def)             Requested size: 173.56177pt x 117.06282pt.

<figures/technical_rp/wiki44k_ssp_pca-crop.pdf, id=735, 471.7625pt x 318.18875p
t>
File: figures/technical_rp/wiki44k_ssp_pca-crop.pdf Graphic file (type pdf)
 <use figures/technical_rp/wiki44k_ssp_pca-crop.pdf>
Package pdftex.def Info: figures/technical_rp/wiki44k_ssp_pca-crop.pdf used on 
input line 90.
(pdftex.def)             Requested size: 173.56177pt x 117.06282pt.

Overfull \hbox (4.5pt too wide) in paragraph at lines 89--90
 [][][][] 
 []


<figures/technical_rp/wiki44k_transe_conv-crop.pdf, id=736, 471.7625pt x 318.18
875pt>
File: figures/technical_rp/wiki44k_transe_conv-crop.pdf Graphic file (type pdf)

 <use figures/technical_rp/wiki44k_transe_conv-crop.pdf>
Package pdftex.def Info: figures/technical_rp/wiki44k_transe_conv-crop.pdf used
 on input line 91.
(pdftex.def)             Requested size: 173.56177pt x 117.06282pt.

<figures/technical_rp/wiki44k_ssp_conv-crop.pdf, id=737, 471.7625pt x 318.18875
pt>
File: figures/technical_rp/wiki44k_ssp_conv-crop.pdf Graphic file (type pdf)
 <use figures/technical_rp/wiki44k_ssp_conv-crop.pdf>
Package pdftex.def Info: figures/technical_rp/wiki44k_ssp_conv-crop.pdf used on
 input line 92.
(pdftex.def)             Requested size: 173.56177pt x 117.06282pt.

Overfull \hbox (4.5pt too wide) in paragraph at lines 91--92
 [][][][] 
 []

[17 <./figures/technical_rp/imdb_transe_conf-crop.pdf> <./figures/technical_rp/
imdb_transe_conv-crop.pdf

pdfTeX warning: pdflatex (file ./figures/technical_rp/imdb_transe_conv-crop.pdf
): PDF inclusion: multiple pdfs with page group included in a single page
> <./figures/technical_rp/imdb_transe_pca-crop.pdf

pdfTeX warning: pdflatex (file ./figures/technical_rp/imdb_transe_pca-crop.pdf)
: PDF inclusion: multiple pdfs with page group included in a single page
>]
<figures/technical_rp/low_sp_fb15k-crop.pdf, id=819, 466.74374pt x 322.20375pt>
File: figures/technical_rp/low_sp_fb15k-crop.pdf Graphic file (type pdf)
<use figures/technical_rp/low_sp_fb15k-crop.pdf>
Package pdftex.def Info: figures/technical_rp/low_sp_fb15k-crop.pdf used on inp
ut line 99.
(pdftex.def)             Requested size: 173.56177pt x 119.81332pt.

<figures/technical_rp/low_sp_wiki44k-crop.pdf, id=820, 466.74374pt x 325.215pt>
File: figures/technical_rp/low_sp_wiki44k-crop.pdf Graphic file (type pdf)
<use figures/technical_rp/low_sp_wiki44k-crop.pdf>
Package pdftex.def Info: figures/technical_rp/low_sp_wiki44k-crop.pdf used on i
nput line 100.
(pdftex.def)             Requested size: 173.56177pt x 120.93307pt.

Overfull \hbox (4.5pt too wide) in paragraph at lines 99--100
 [][][][] 
 []

<figures/technical_rp/low_sp_imdb-crop.pdf, id=821, 466.74374pt x 325.215pt>
File: figures/technical_rp/low_sp_imdb-crop.pdf Graphic file (type pdf)

<use figures/technical_rp/low_sp_imdb-crop.pdf>
Package pdftex.def Info: figures/technical_rp/low_sp_imdb-crop.pdf used on inpu
t line 101.
(pdftex.def)             Requested size: 173.56177pt x 120.93307pt.

Underfull \vbox (badness 10000) has occurred while \output is active []

 [18 <./figures/technical_rp/fb15k_hole_conf-crop.pdf> <./figures/technical_rp/
fb15k_ssp_conf-crop.pdf

pdfTeX warning: pdflatex (file ./figures/technical_rp/fb15k_ssp_conf-crop.pdf):
 PDF inclusion: multiple pdfs with page group included in a single page
> <./figures/technical_rp/fb15k_hole_pca-crop.pdf

pdfTeX warning: pdflatex (file ./figures/technical_rp/fb15k_hole_pca-crop.pdf):
 PDF inclusion: multiple pdfs with page group included in a single page
> <./figures/technical_rp/fb15k_ssp_pca-crop.pdf

pdfTeX warning: pdflatex (file ./figures/technical_rp/fb15k_ssp_pca-crop.pdf): 
PDF inclusion: multiple pdfs with page group included in a single page
> <./figures/technical_rp/fb15k_hole_conv-crop.pdf

pdfTeX warning: pdflatex (file ./figures/technical_rp/fb15k_hole_conv-crop.pdf)
: PDF inclusion: multiple pdfs with page group included in a single page
> <./figures/technical_rp/fb15k_ssp_conv-crop.pdf

pdfTeX warning: pdflatex (file ./figures/technical_rp/fb15k_ssp_conv-crop.pdf):
 PDF inclusion: multiple pdfs with page group included in a single page
>]
Underfull \vbox (badness 2781) has occurred while \output is active []

 [19 <./figures/technical_rp/wiki44k_transe_conf-crop.pdf> <./figures/technical
_rp/wiki44k_ssp_conf-crop.pdf

pdfTeX warning: pdflatex (file ./figures/technical_rp/wiki44k_ssp_conf-crop.pdf
): PDF inclusion: multiple pdfs with page group included in a single page
> <./figures/technical_rp/wiki44k_transe_pca-crop.pdf

pdfTeX warning: pdflatex (file ./figures/technical_rp/wiki44k_transe_pca-crop.p
df): PDF inclusion: multiple pdfs with page group included in a single page
> <./figures/technical_rp/wiki44k_ssp_pca-crop.pdf

pdfTeX warning: pdflatex (file ./figures/technical_rp/wiki44k_ssp_pca-crop.pdf)
: PDF inclusion: multiple pdfs with page group included in a single page
> <./figures/technical_rp/wiki44k_transe_conv-crop.pdf

pdfTeX warning: pdflatex (file ./figures/technical_rp/wiki44k_transe_conv-crop.
pdf): PDF inclusion: multiple pdfs with page group included in a single page
> <./figures/technical_rp/wiki44k_ssp_conv-crop.pdf

pdfTeX warning: pdflatex (file ./figures/technical_rp/wiki44k_ssp_conv-crop.pdf
): PDF inclusion: multiple pdfs with page group included in a single page
>]) (./main.bbl
Underfull \vbox (badness 10000) has occurred while \output is active []

 [20 <./figures/technical_rp/low_sp_fb15k-crop.pdf> <./figures/technical_rp/low
_sp_wiki44k-crop.pdf

pdfTeX warning: pdflatex (file ./figures/technical_rp/low_sp_wiki44k-crop.pdf):
 PDF inclusion: multiple pdfs with page group included in a single page
> <./figures/technical_rp/low_sp_imdb-crop.pdf

pdfTeX warning: pdflatex (file ./figures/technical_rp/low_sp_imdb-crop.pdf): PD
F inclusion: multiple pdfs with page group included in a single page
>]
Underfull \hbox (badness 8113) in paragraph at lines 31--35
[]\T1/ptm/m/n/9 (+30) D. Corapi, D. Sykes, K. In-oue, and A. Russo.  Prob-a-bil
is-tic rule lead-
 []

[21]) [22]
Package atveryend Info: Empty hook `BeforeClearDocument' on input line 145.
Package atveryend Info: Empty hook `AfterLastShipout' on input line 145.
 (./main.aux)
Package atveryend Info: Executing hook `AtVeryEndDocument' on input line 145.
Package atveryend Info: Executing hook `AtEndAfterFileList' on input line 145.
Package rerunfilecheck Info: File `main.out' has not changed.
(rerunfilecheck)             Checksum: 82907D0553B16551881F9BA014EEDD85;119.
Package atveryend Info: Empty hook `AtVeryVeryEnd' on input line 145.
 ) 
Here is how much of TeX's memory you used:
 24132 strings out of 493105
 432802 string characters out of 6137072
 542936 words of memory out of 5000000
 26008 multiletter control sequences out of 15000+600000
 148880 words of font info for 620 fonts, out of 8000000 for 9000
 1141 hyphenation exceptions out of 8191
 55i,13n,56p,1109b,990s stack positions out of 5000i,500n,10000p,200000b,80000s
pdfTeX warning (dest): name{Hfootnote.3} has been referenced but does not exi
st, replaced by a fixed one

pdfTeX warning (dest): name{Hfootnote.2} has been referenced but does not exist
, replaced by a fixed one

pdfTeX warning (dest): name{Hfootnote.1} has been referenced but does not exist
, replaced by a fixed one

{/usr/share/texmf/fonts/enc/dvips/lm/lm-mathit.enc}{/usr/share/texlive/texmf-di
st/fonts/enc/dvips/base/8r.enc}{/usr/share/texmf/fonts/enc/dvips/lm/lm-mathsy.e
nc}{/usr/share/texmf/fonts/enc/dvips/lm/lm-rm.enc}{/usr/share/texmf/fonts/enc/d
vips/lm/lm-mathex.enc}{/usr/share/texmf/fonts/enc/dvips/cm-super/cm-super-t1.en
c}</usr/share/texmf/fonts/type1/public/lm/lmbx7.pfb></usr/share/texmf/fonts/typ
e1/public/lm/lmex10.pfb></usr/share/texmf/fonts/type1/public/lm/lmmi10.pfb></us
r/share/texmf/fonts/type1/public/lm/lmmi5.pfb></usr/share/texmf/fonts/type1/pub
lic/lm/lmmi6.pfb></usr/share/texmf/fonts/type1/public/lm/lmmi7.pfb></usr/share/
texmf/fonts/type1/public/lm/lmmi9.pfb></usr/share/texmf/fonts/type1/public/lm/l
mmib10.pfb></usr/share/texmf/fonts/type1/public/lm/lmr10.pfb></usr/share/texmf/
fonts/type1/public/lm/lmr6.pfb></usr/share/texmf/fonts/type1/public/lm/lmr7.pfb
></usr/share/texmf/fonts/type1/public/lm/lmr9.pfb></usr/share/texmf/fonts/type1
/public/lm/lmri10.pfb></usr/share/texmf/fonts/type1/public/lm/lmri7.pfb></usr/s
hare/texmf/fonts/type1/public/lm/lmri9.pfb></usr/share/texmf/fonts/type1/public
/lm/lmsy10.pfb></usr/share/texmf/fonts/type1/public/lm/lmsy5.pfb></usr/share/te
xmf/fonts/type1/public/lm/lmsy7.pfb></usr/share/texmf/fonts/type1/public/lm/lms
y9.pfb></usr/share/texmf/fonts/type1/public/cm-super/sftt1000.pfb></usr/share/t
exlive/texmf-dist/fonts/type1/urw/times/utmb8a.pfb></usr/share/texlive/texmf-di
st/fonts/type1/urw/times/utmbi8a.pfb></usr/share/texlive/texmf-dist/fonts/type1
/urw/times/utmr8a.pfb></usr/share/texlive/texmf-dist/fonts/type1/urw/times/utmr
i8a.pfb>
Output written on main.pdf (22 pages, 2251832 bytes).
PDF statistics:
 1333 PDF objects out of 1440 (max. 8388607)
 1010 compressed objects within 11 object streams
 155 named destinations out of 1000 (max. 500000)
 157862 words of extra memory for PDF output out of 184870 (max. 10000000)

